2022-05-07 21:26:51,924 [Worker-4: Loading available Gradle versions] INFO  o.e.b.c.i.u.g.PublishedGradleVersions - Gradle version information cache is out-of-date. Trying to update.
2022-05-07 21:26:59,849 [Worker-13: Updating Maven Dependencies] INFO  o.e.m.c.i.l.LifecycleMappingFactory - Using org.eclipse.m2e.jdt.JarLifecycleMapping lifecycle mapping for MavenProject: com.anu.stock:Stock-details:0.0.1-SNAPSHOT @ D:\E-Stock\StockDetailsService\pom.xml.
2022-05-07 21:27:01,619 [Worker-13: Updating Maven Dependencies] INFO  o.e.m.c.i.l.LifecycleMappingFactory - Using org.eclipse.m2e.jdt.JarLifecycleMapping lifecycle mapping for MavenProject: com.anu.stock:company-details:0.0.1-SNAPSHOT @ D:\E-Stock\CompanyDetails\pom.xml.
2022-05-07 21:27:09,416 [Worker-16: Building] INFO  o.e.m.c.i.embedder.EclipseLogger - Using 'UTF-8' encoding to copy filtered resources.
2022-05-07 21:27:09,417 [Worker-16: Building] INFO  o.e.m.c.i.embedder.EclipseLogger - Using 'UTF-8' encoding to copy filtered properties files.
2022-05-07 21:27:09,422 [Worker-16: Building] INFO  o.e.m.c.i.embedder.EclipseLogger - Copying 2 resources
2022-05-07 21:27:09,574 [Worker-16: Building] INFO  o.e.m.c.i.embedder.EclipseLogger - Copying 0 resource
2022-05-07 21:27:09,578 [Worker-16: Building] INFO  o.e.m.c.i.embedder.EclipseLogger - Using 'UTF-8' encoding to copy filtered resources.
2022-05-07 21:27:09,578 [Worker-16: Building] INFO  o.e.m.c.i.embedder.EclipseLogger - Using 'UTF-8' encoding to copy filtered properties files.
2022-05-07 21:27:09,578 [Worker-16: Building] INFO  o.e.m.c.i.embedder.EclipseLogger - skip non existing resourceDirectory D:\E-Stock\CompanyDetails\src\test\resources
2022-05-07 21:27:10,631 [Worker-16: Building] INFO  o.e.m.c.i.embedder.EclipseLogger - Using 'UTF-8' encoding to copy filtered resources.
2022-05-07 21:27:10,632 [Worker-16: Building] INFO  o.e.m.c.i.embedder.EclipseLogger - Using 'UTF-8' encoding to copy filtered properties files.
2022-05-07 21:27:10,632 [Worker-16: Building] INFO  o.e.m.c.i.embedder.EclipseLogger - Copying 1 resource
2022-05-07 21:27:10,637 [Worker-16: Building] INFO  o.e.m.c.i.embedder.EclipseLogger - Copying 0 resource
2022-05-07 21:27:10,641 [Worker-16: Building] INFO  o.e.m.c.i.embedder.EclipseLogger - Using 'UTF-8' encoding to copy filtered resources.
2022-05-07 21:27:10,641 [Worker-16: Building] INFO  o.e.m.c.i.embedder.EclipseLogger - Using 'UTF-8' encoding to copy filtered properties files.
2022-05-07 21:27:10,641 [Worker-16: Building] INFO  o.e.m.c.i.embedder.EclipseLogger - skip non existing resourceDirectory D:\E-Stock\StockDetailsService\src\test\resources
2022-05-07 21:28:53,640 [Worker-21: Launching Executing install in D__E-Stock_StockDetailsService] INFO  o.e.m.i.launch.MavenLaunchDelegate - D:\E-Stock\StockDetailsService
2022-05-07 21:28:53,643 [Worker-21: Launching Executing install in D__E-Stock_StockDetailsService] INFO  o.e.m.i.launch.MavenLaunchDelegate -  mvn -Ppom.xml -B install
2022-05-07 21:29:10,402 [Worker-18: Building] INFO  o.e.m.c.i.embedder.EclipseLogger - Using 'UTF-8' encoding to copy filtered resources.
2022-05-07 21:29:10,402 [Worker-18: Building] INFO  o.e.m.c.i.embedder.EclipseLogger - Using 'UTF-8' encoding to copy filtered properties files.
2022-05-07 21:29:10,406 [Worker-18: Building] INFO  o.e.m.c.i.embedder.EclipseLogger - Copying 1 resource
2022-05-07 21:29:10,438 [Worker-18: Building] INFO  o.e.m.c.i.embedder.EclipseLogger - Copying 0 resource
2022-05-07 21:29:10,442 [Worker-18: Building] INFO  o.e.m.c.i.embedder.EclipseLogger - Using 'UTF-8' encoding to copy filtered resources.
2022-05-07 21:29:10,442 [Worker-18: Building] INFO  o.e.m.c.i.embedder.EclipseLogger - Using 'UTF-8' encoding to copy filtered properties files.
2022-05-07 21:29:10,442 [Worker-18: Building] INFO  o.e.m.c.i.embedder.EclipseLogger - skip non existing resourceDirectory D:\E-Stock\StockDetailsService\src\test\resources
2022-05-07 21:46:46,699 [Worker-31: Building] INFO  o.e.m.c.i.embedder.EclipseLogger - Using 'UTF-8' encoding to copy filtered resources.
2022-05-07 21:46:46,700 [Worker-31: Building] INFO  o.e.m.c.i.embedder.EclipseLogger - Using 'UTF-8' encoding to copy filtered properties files.
2022-05-07 21:46:46,700 [Worker-31: Building] INFO  o.e.m.c.i.embedder.EclipseLogger - Copying 1 resource
2022-05-07 21:46:46,709 [Worker-31: Building] INFO  o.e.m.c.i.embedder.EclipseLogger - Copying 0 resource
2022-05-07 21:46:46,711 [Worker-31: Building] INFO  o.e.m.c.i.embedder.EclipseLogger - Using 'UTF-8' encoding to copy filtered resources.
2022-05-07 21:46:46,712 [Worker-31: Building] INFO  o.e.m.c.i.embedder.EclipseLogger - Using 'UTF-8' encoding to copy filtered properties files.
2022-05-07 21:46:46,712 [Worker-31: Building] INFO  o.e.m.c.i.embedder.EclipseLogger - skip non existing resourceDirectory D:\E-Stock\StockDetailsService\src\test\resources
2022-05-07 21:47:18,211 [Worker-30: Building] INFO  o.e.m.c.i.embedder.EclipseLogger - Using 'UTF-8' encoding to copy filtered resources.
2022-05-07 21:47:18,212 [Worker-30: Building] INFO  o.e.m.c.i.embedder.EclipseLogger - Using 'UTF-8' encoding to copy filtered properties files.
2022-05-07 21:47:18,212 [Worker-30: Building] INFO  o.e.m.c.i.embedder.EclipseLogger - Copying 1 resource
2022-05-07 21:47:18,232 [Worker-30: Building] INFO  o.e.m.c.i.embedder.EclipseLogger - Copying 0 resource
2022-05-07 21:47:18,234 [Worker-30: Building] INFO  o.e.m.c.i.embedder.EclipseLogger - Using 'UTF-8' encoding to copy filtered resources.
2022-05-07 21:47:18,235 [Worker-30: Building] INFO  o.e.m.c.i.embedder.EclipseLogger - Using 'UTF-8' encoding to copy filtered properties files.
2022-05-07 21:47:18,235 [Worker-30: Building] INFO  o.e.m.c.i.embedder.EclipseLogger - skip non existing resourceDirectory D:\E-Stock\StockDetailsService\src\test\resources
2022-05-07 22:23:14,705 [Worker-35: Building] INFO  o.e.m.c.i.embedder.EclipseLogger - Using 'UTF-8' encoding to copy filtered resources.
2022-05-07 22:23:14,705 [Worker-35: Building] INFO  o.e.m.c.i.embedder.EclipseLogger - Using 'UTF-8' encoding to copy filtered properties files.
2022-05-07 22:23:14,706 [Worker-35: Building] INFO  o.e.m.c.i.embedder.EclipseLogger - Copying 1 resource
2022-05-07 22:23:14,739 [Worker-35: Building] INFO  o.e.m.c.i.embedder.EclipseLogger - Copying 0 resource
2022-05-07 22:23:14,743 [Worker-35: Building] INFO  o.e.m.c.i.embedder.EclipseLogger - Using 'UTF-8' encoding to copy filtered resources.
2022-05-07 22:23:14,743 [Worker-35: Building] INFO  o.e.m.c.i.embedder.EclipseLogger - Using 'UTF-8' encoding to copy filtered properties files.
2022-05-07 22:23:14,743 [Worker-35: Building] INFO  o.e.m.c.i.embedder.EclipseLogger - skip non existing resourceDirectory D:\E-Stock\StockDetailsService\src\test\resources
2022-05-07 22:23:36,858 [Worker-37: Building] INFO  o.e.m.c.i.embedder.EclipseLogger - Using 'UTF-8' encoding to copy filtered resources.
2022-05-07 22:23:36,858 [Worker-37: Building] INFO  o.e.m.c.i.embedder.EclipseLogger - Using 'UTF-8' encoding to copy filtered properties files.
2022-05-07 22:23:36,859 [Worker-37: Building] INFO  o.e.m.c.i.embedder.EclipseLogger - Copying 1 resource
2022-05-07 22:23:36,892 [Worker-37: Building] INFO  o.e.m.c.i.embedder.EclipseLogger - Copying 0 resource
2022-05-07 22:23:36,895 [Worker-37: Building] INFO  o.e.m.c.i.embedder.EclipseLogger - Using 'UTF-8' encoding to copy filtered resources.
2022-05-07 22:23:36,896 [Worker-37: Building] INFO  o.e.m.c.i.embedder.EclipseLogger - Using 'UTF-8' encoding to copy filtered properties files.
2022-05-07 22:23:36,896 [Worker-37: Building] INFO  o.e.m.c.i.embedder.EclipseLogger - skip non existing resourceDirectory D:\E-Stock\StockDetailsService\src\test\resources
2022-05-07 23:01:17,761 [Worker-44: Building] INFO  o.e.m.c.i.embedder.EclipseLogger - Using 'UTF-8' encoding to copy filtered resources.
2022-05-07 23:01:17,761 [Worker-44: Building] INFO  o.e.m.c.i.embedder.EclipseLogger - Using 'UTF-8' encoding to copy filtered properties files.
2022-05-07 23:01:17,763 [Worker-44: Building] INFO  o.e.m.c.i.embedder.EclipseLogger - Copying 1 resource
2022-05-07 23:01:17,979 [Worker-44: Building] INFO  o.e.m.c.i.embedder.EclipseLogger - Copying 0 resource
2022-05-07 23:01:17,982 [Worker-44: Building] INFO  o.e.m.c.i.embedder.EclipseLogger - Using 'UTF-8' encoding to copy filtered resources.
2022-05-07 23:01:17,982 [Worker-44: Building] INFO  o.e.m.c.i.embedder.EclipseLogger - Using 'UTF-8' encoding to copy filtered properties files.
2022-05-07 23:01:17,982 [Worker-44: Building] INFO  o.e.m.c.i.embedder.EclipseLogger - skip non existing resourceDirectory D:\E-Stock\StockDetailsService\src\test\resources
2022-05-07 23:01:29,529 [Worker-44: Building] INFO  o.e.m.c.i.embedder.EclipseLogger - Using 'UTF-8' encoding to copy filtered resources.
2022-05-07 23:01:29,529 [Worker-44: Building] INFO  o.e.m.c.i.embedder.EclipseLogger - Using 'UTF-8' encoding to copy filtered properties files.
2022-05-07 23:01:29,530 [Worker-44: Building] INFO  o.e.m.c.i.embedder.EclipseLogger - Copying 1 resource
2022-05-07 23:01:29,551 [Worker-44: Building] INFO  o.e.m.c.i.embedder.EclipseLogger - Copying 0 resource
2022-05-07 23:01:29,554 [Worker-44: Building] INFO  o.e.m.c.i.embedder.EclipseLogger - Using 'UTF-8' encoding to copy filtered resources.
2022-05-07 23:01:29,554 [Worker-44: Building] INFO  o.e.m.c.i.embedder.EclipseLogger - Using 'UTF-8' encoding to copy filtered properties files.
2022-05-07 23:01:29,554 [Worker-44: Building] INFO  o.e.m.c.i.embedder.EclipseLogger - skip non existing resourceDirectory D:\E-Stock\StockDetailsService\src\test\resources
2022-05-08 08:54:34,279 [Worker-69: Building] INFO  o.e.m.c.i.embedder.EclipseLogger - Using 'UTF-8' encoding to copy filtered resources.
2022-05-08 08:54:34,549 [Worker-69: Building] INFO  o.e.m.c.i.embedder.EclipseLogger - Using 'UTF-8' encoding to copy filtered properties files.
2022-05-08 08:54:34,668 [Worker-69: Building] INFO  o.e.m.c.i.embedder.EclipseLogger - Copying 1 resource
2022-05-08 08:54:35,143 [Worker-69: Building] INFO  o.e.m.c.i.embedder.EclipseLogger - Copying 0 resource
2022-05-08 08:54:35,206 [Worker-69: Building] INFO  o.e.m.c.i.embedder.EclipseLogger - Using 'UTF-8' encoding to copy filtered resources.
2022-05-08 08:54:35,206 [Worker-69: Building] INFO  o.e.m.c.i.embedder.EclipseLogger - Using 'UTF-8' encoding to copy filtered properties files.
2022-05-08 08:54:35,206 [Worker-69: Building] INFO  o.e.m.c.i.embedder.EclipseLogger - skip non existing resourceDirectory D:\E-Stock\StockDetailsService\src\test\resources
2022-05-08 09:07:20,403 [Worker-75: Building] INFO  o.e.m.c.i.embedder.EclipseLogger - Using 'UTF-8' encoding to copy filtered resources.
2022-05-08 09:07:20,403 [Worker-75: Building] INFO  o.e.m.c.i.embedder.EclipseLogger - Using 'UTF-8' encoding to copy filtered properties files.
2022-05-08 09:07:20,404 [Worker-75: Building] INFO  o.e.m.c.i.embedder.EclipseLogger - Copying 1 resource
2022-05-08 09:07:20,421 [Worker-75: Building] INFO  o.e.m.c.i.embedder.EclipseLogger - Copying 0 resource
2022-05-08 09:07:20,423 [Worker-75: Building] INFO  o.e.m.c.i.embedder.EclipseLogger - Using 'UTF-8' encoding to copy filtered resources.
2022-05-08 09:07:20,423 [Worker-75: Building] INFO  o.e.m.c.i.embedder.EclipseLogger - Using 'UTF-8' encoding to copy filtered properties files.
2022-05-08 09:07:20,423 [Worker-75: Building] INFO  o.e.m.c.i.embedder.EclipseLogger - skip non existing resourceDirectory D:\E-Stock\StockDetailsService\src\test\resources
2022-05-08 09:51:07,732 [Worker-75: Building] INFO  o.e.m.c.i.embedder.EclipseLogger - Using 'UTF-8' encoding to copy filtered resources.
2022-05-08 09:51:07,733 [Worker-75: Building] INFO  o.e.m.c.i.embedder.EclipseLogger - Using 'UTF-8' encoding to copy filtered properties files.
2022-05-08 09:51:07,734 [Worker-75: Building] INFO  o.e.m.c.i.embedder.EclipseLogger - Copying 1 resource
2022-05-08 09:51:07,945 [Worker-75: Building] INFO  o.e.m.c.i.embedder.EclipseLogger - Copying 0 resource
2022-05-08 09:51:07,948 [Worker-75: Building] INFO  o.e.m.c.i.embedder.EclipseLogger - Using 'UTF-8' encoding to copy filtered resources.
2022-05-08 09:51:07,948 [Worker-75: Building] INFO  o.e.m.c.i.embedder.EclipseLogger - Using 'UTF-8' encoding to copy filtered properties files.
2022-05-08 09:51:07,948 [Worker-75: Building] INFO  o.e.m.c.i.embedder.EclipseLogger - skip non existing resourceDirectory D:\E-Stock\StockDetailsService\src\test\resources
2022-05-08 15:13:58,149 [Worker-132: Building] INFO  o.e.m.c.i.embedder.EclipseLogger - Using 'UTF-8' encoding to copy filtered resources.
2022-05-08 15:13:58,149 [Worker-132: Building] INFO  o.e.m.c.i.embedder.EclipseLogger - Using 'UTF-8' encoding to copy filtered properties files.
2022-05-08 15:13:58,150 [Worker-132: Building] INFO  o.e.m.c.i.embedder.EclipseLogger - Copying 1 resource
2022-05-08 15:13:58,210 [Worker-132: Building] INFO  o.e.m.c.i.embedder.EclipseLogger - Copying 0 resource
2022-05-08 15:13:58,213 [Worker-132: Building] INFO  o.e.m.c.i.embedder.EclipseLogger - Using 'UTF-8' encoding to copy filtered resources.
2022-05-08 15:13:58,213 [Worker-132: Building] INFO  o.e.m.c.i.embedder.EclipseLogger - Using 'UTF-8' encoding to copy filtered properties files.
2022-05-08 15:13:58,213 [Worker-132: Building] INFO  o.e.m.c.i.embedder.EclipseLogger - skip non existing resourceDirectory D:\E-Stock\StockDetailsService\src\test\resources
2022-05-08 15:14:09,467 [Worker-127: Building] INFO  o.e.m.c.i.embedder.EclipseLogger - Using 'UTF-8' encoding to copy filtered resources.
2022-05-08 15:14:09,468 [Worker-127: Building] INFO  o.e.m.c.i.embedder.EclipseLogger - Using 'UTF-8' encoding to copy filtered properties files.
2022-05-08 15:14:09,469 [Worker-127: Building] INFO  o.e.m.c.i.embedder.EclipseLogger - Copying 1 resource
2022-05-08 15:14:09,796 [Worker-127: Building] INFO  o.e.m.c.i.embedder.EclipseLogger - Copying 0 resource
2022-05-08 15:14:09,801 [Worker-127: Building] INFO  o.e.m.c.i.embedder.EclipseLogger - Using 'UTF-8' encoding to copy filtered resources.
2022-05-08 15:14:09,801 [Worker-127: Building] INFO  o.e.m.c.i.embedder.EclipseLogger - Using 'UTF-8' encoding to copy filtered properties files.
2022-05-08 15:14:09,801 [Worker-127: Building] INFO  o.e.m.c.i.embedder.EclipseLogger - skip non existing resourceDirectory D:\E-Stock\StockDetailsService\src\test\resources
2022-05-08 15:31:44,594 [Worker-144: Building] INFO  o.e.m.c.i.embedder.EclipseLogger - Using 'UTF-8' encoding to copy filtered resources.
2022-05-08 15:31:44,594 [Worker-144: Building] INFO  o.e.m.c.i.embedder.EclipseLogger - Using 'UTF-8' encoding to copy filtered properties files.
2022-05-08 15:31:44,596 [Worker-144: Building] INFO  o.e.m.c.i.embedder.EclipseLogger - Copying 1 resource
2022-05-08 15:31:44,717 [Worker-144: Building] INFO  o.e.m.c.i.embedder.EclipseLogger - Copying 0 resource
2022-05-08 15:31:44,719 [Worker-144: Building] INFO  o.e.m.c.i.embedder.EclipseLogger - Using 'UTF-8' encoding to copy filtered resources.
2022-05-08 15:31:44,720 [Worker-144: Building] INFO  o.e.m.c.i.embedder.EclipseLogger - Using 'UTF-8' encoding to copy filtered properties files.
2022-05-08 15:31:44,720 [Worker-144: Building] INFO  o.e.m.c.i.embedder.EclipseLogger - skip non existing resourceDirectory D:\E-Stock\StockDetailsService\src\test\resources
2022-05-08 15:32:50,454 [Worker-145: Building] INFO  o.e.m.c.i.embedder.EclipseLogger - Using 'UTF-8' encoding to copy filtered resources.
2022-05-08 15:32:50,454 [Worker-145: Building] INFO  o.e.m.c.i.embedder.EclipseLogger - Using 'UTF-8' encoding to copy filtered properties files.
2022-05-08 15:32:50,455 [Worker-145: Building] INFO  o.e.m.c.i.embedder.EclipseLogger - Copying 1 resource
2022-05-08 15:32:50,467 [Worker-145: Building] INFO  o.e.m.c.i.embedder.EclipseLogger - Copying 0 resource
2022-05-08 15:32:50,469 [Worker-145: Building] INFO  o.e.m.c.i.embedder.EclipseLogger - Using 'UTF-8' encoding to copy filtered resources.
2022-05-08 15:32:50,469 [Worker-145: Building] INFO  o.e.m.c.i.embedder.EclipseLogger - Using 'UTF-8' encoding to copy filtered properties files.
2022-05-08 15:32:50,469 [Worker-145: Building] INFO  o.e.m.c.i.embedder.EclipseLogger - skip non existing resourceDirectory D:\E-Stock\StockDetailsService\src\test\resources
2022-05-08 15:33:36,096 [Worker-140: Building] INFO  o.e.m.c.i.embedder.EclipseLogger - Using 'UTF-8' encoding to copy filtered resources.
2022-05-08 15:33:36,096 [Worker-140: Building] INFO  o.e.m.c.i.embedder.EclipseLogger - Using 'UTF-8' encoding to copy filtered properties files.
2022-05-08 15:33:36,096 [Worker-140: Building] INFO  o.e.m.c.i.embedder.EclipseLogger - Copying 1 resource
2022-05-08 15:33:36,103 [Worker-140: Building] INFO  o.e.m.c.i.embedder.EclipseLogger - Copying 0 resource
2022-05-08 15:33:36,105 [Worker-140: Building] INFO  o.e.m.c.i.embedder.EclipseLogger - Using 'UTF-8' encoding to copy filtered resources.
2022-05-08 15:33:36,105 [Worker-140: Building] INFO  o.e.m.c.i.embedder.EclipseLogger - Using 'UTF-8' encoding to copy filtered properties files.
2022-05-08 15:33:36,105 [Worker-140: Building] INFO  o.e.m.c.i.embedder.EclipseLogger - skip non existing resourceDirectory D:\E-Stock\StockDetailsService\src\test\resources
2022-05-08 15:39:33,015 [Worker-148: Building] INFO  o.e.m.c.i.embedder.EclipseLogger - Using 'UTF-8' encoding to copy filtered resources.
2022-05-08 15:39:33,015 [Worker-148: Building] INFO  o.e.m.c.i.embedder.EclipseLogger - Using 'UTF-8' encoding to copy filtered properties files.
2022-05-08 15:39:33,017 [Worker-148: Building] INFO  o.e.m.c.i.embedder.EclipseLogger - Copying 1 resource
2022-05-08 15:39:33,044 [Worker-148: Building] INFO  o.e.m.c.i.embedder.EclipseLogger - Copying 0 resource
2022-05-08 15:39:33,049 [Worker-148: Building] INFO  o.e.m.c.i.embedder.EclipseLogger - Using 'UTF-8' encoding to copy filtered resources.
2022-05-08 15:39:33,049 [Worker-148: Building] INFO  o.e.m.c.i.embedder.EclipseLogger - Using 'UTF-8' encoding to copy filtered properties files.
2022-05-08 15:39:33,049 [Worker-148: Building] INFO  o.e.m.c.i.embedder.EclipseLogger - skip non existing resourceDirectory D:\E-Stock\StockDetailsService\src\test\resources
2022-05-08 15:39:38,030 [Worker-143: Building] INFO  o.e.m.c.i.embedder.EclipseLogger - Using 'UTF-8' encoding to copy filtered resources.
2022-05-08 15:39:38,030 [Worker-143: Building] INFO  o.e.m.c.i.embedder.EclipseLogger - Using 'UTF-8' encoding to copy filtered properties files.
2022-05-08 15:39:38,031 [Worker-143: Building] INFO  o.e.m.c.i.embedder.EclipseLogger - Copying 1 resource
2022-05-08 15:39:38,037 [Worker-143: Building] INFO  o.e.m.c.i.embedder.EclipseLogger - Copying 0 resource
2022-05-08 15:39:38,038 [Worker-143: Building] INFO  o.e.m.c.i.embedder.EclipseLogger - Using 'UTF-8' encoding to copy filtered resources.
2022-05-08 15:39:38,039 [Worker-143: Building] INFO  o.e.m.c.i.embedder.EclipseLogger - Using 'UTF-8' encoding to copy filtered properties files.
2022-05-08 15:39:38,039 [Worker-143: Building] INFO  o.e.m.c.i.embedder.EclipseLogger - skip non existing resourceDirectory D:\E-Stock\StockDetailsService\src\test\resources
2022-05-08 15:41:45,332 [Worker-147: Building] INFO  o.e.m.c.i.embedder.EclipseLogger - Using 'UTF-8' encoding to copy filtered resources.
2022-05-08 15:41:45,332 [Worker-147: Building] INFO  o.e.m.c.i.embedder.EclipseLogger - Using 'UTF-8' encoding to copy filtered properties files.
2022-05-08 15:41:45,333 [Worker-147: Building] INFO  o.e.m.c.i.embedder.EclipseLogger - Copying 1 resource
2022-05-08 15:41:45,343 [Worker-147: Building] INFO  o.e.m.c.i.embedder.EclipseLogger - Copying 0 resource
2022-05-08 15:41:45,346 [Worker-147: Building] INFO  o.e.m.c.i.embedder.EclipseLogger - Using 'UTF-8' encoding to copy filtered resources.
2022-05-08 15:41:45,346 [Worker-147: Building] INFO  o.e.m.c.i.embedder.EclipseLogger - Using 'UTF-8' encoding to copy filtered properties files.
2022-05-08 15:41:45,346 [Worker-147: Building] INFO  o.e.m.c.i.embedder.EclipseLogger - skip non existing resourceDirectory D:\E-Stock\StockDetailsService\src\test\resources
2022-05-09 21:19:45,009 [Worker-187: Import Getting Started Content] INFO  o.e.m.c.i.l.LifecycleMappingFactory - Using org.eclipse.m2e.jdt.JarLifecycleMapping lifecycle mapping for MavenProject: com.anu.server:eurekaserver:0.0.1-SNAPSHOT @ D:\E-Stock\Eurekaserver\pom.xml.
2022-05-09 21:19:48,756 [Worker-187: Import Getting Started Content] INFO  o.e.m.c.i.e.AbstractTransferListenerAdapter - Downloading https://repo.maven.apache.org/maven2/org/springframework/cloud/spring-cloud-starter-netflix-eureka-server/3.1.2/spring-cloud-starter-netflix-eureka-server-3.1.2.pom
2022-05-09 21:19:50,334 [Worker-187: Import Getting Started Content] INFO  o.e.m.c.i.e.AbstractTransferListenerAdapter - Downloaded https://repo.maven.apache.org/maven2/org/springframework/cloud/spring-cloud-starter-netflix-eureka-server/3.1.2/spring-cloud-starter-netflix-eureka-server-3.1.2.pom
2022-05-09 21:19:55,969 [Worker-187: Import Getting Started Content] INFO  o.e.m.c.i.e.AbstractTransferListenerAdapter - Downloading https://repo.maven.apache.org/maven2/org/springframework/cloud/spring-cloud-netflix-eureka-server/3.1.2/spring-cloud-netflix-eureka-server-3.1.2.pom
2022-05-09 21:19:56,214 [Worker-187: Import Getting Started Content] INFO  o.e.m.c.i.e.AbstractTransferListenerAdapter - Downloaded https://repo.maven.apache.org/maven2/org/springframework/cloud/spring-cloud-netflix-eureka-server/3.1.2/spring-cloud-netflix-eureka-server-3.1.2.pom
2022-05-09 21:19:56,446 [Worker-191: reload maven project] INFO  o.e.m.c.i.e.AbstractTransferListenerAdapter - Downloading https://repo.maven.apache.org/maven2/org/springframework/cloud/spring-cloud-netflix-eureka-server/3.1.2/spring-cloud-netflix-eureka-server-3.1.2.pom
2022-05-09 21:19:56,484 [Worker-191: reload maven project] INFO  o.e.m.c.i.e.AbstractTransferListenerAdapter - Downloaded https://repo.maven.apache.org/maven2/org/springframework/cloud/spring-cloud-netflix-eureka-server/3.1.2/spring-cloud-netflix-eureka-server-3.1.2.pom
2022-05-09 21:19:59,998 [AetherRepositoryConnector-repo.maven.apache.org-0-0] INFO  o.e.m.c.i.e.AbstractTransferListenerAdapter - Downloading https://repo.maven.apache.org/maven2/org/springframework/cloud/spring-cloud-starter-netflix-eureka-server/3.1.2/spring-cloud-starter-netflix-eureka-server-3.1.2.jar
2022-05-09 21:20:00,017 [AetherRepositoryConnector-repo.maven.apache.org-0-1] INFO  o.e.m.c.i.e.AbstractTransferListenerAdapter - Downloading https://repo.maven.apache.org/maven2/org/springframework/cloud/spring-cloud-netflix-eureka-server/3.1.2/spring-cloud-netflix-eureka-server-3.1.2.jar
2022-05-09 21:20:00,576 [AetherRepositoryConnector-repo.maven.apache.org-1-1] INFO  o.e.m.c.i.e.AbstractTransferListenerAdapter - Downloading https://repo.maven.apache.org/maven2/org/springframework/cloud/spring-cloud-netflix-eureka-server/3.1.2/spring-cloud-netflix-eureka-server-3.1.2.jar
2022-05-09 21:20:00,580 [AetherRepositoryConnector-repo.maven.apache.org-1-0] INFO  o.e.m.c.i.e.AbstractTransferListenerAdapter - Downloading https://repo.maven.apache.org/maven2/org/springframework/cloud/spring-cloud-starter-netflix-eureka-server/3.1.2/spring-cloud-starter-netflix-eureka-server-3.1.2.jar
2022-05-09 21:20:01,430 [AetherRepositoryConnector-repo.maven.apache.org-0-0] INFO  o.e.m.c.i.e.AbstractTransferListenerAdapter - Downloaded https://repo.maven.apache.org/maven2/org/springframework/cloud/spring-cloud-starter-netflix-eureka-server/3.1.2/spring-cloud-starter-netflix-eureka-server-3.1.2.jar
2022-05-09 21:20:01,623 [AetherRepositoryConnector-repo.maven.apache.org-1-0] INFO  o.e.m.c.i.e.AbstractTransferListenerAdapter - Downloaded https://repo.maven.apache.org/maven2/org/springframework/cloud/spring-cloud-starter-netflix-eureka-server/3.1.2/spring-cloud-starter-netflix-eureka-server-3.1.2.jar
2022-05-09 21:20:02,152 [AetherRepositoryConnector-repo.maven.apache.org-1-1] INFO  o.e.m.c.i.e.AbstractTransferListenerAdapter - Downloaded https://repo.maven.apache.org/maven2/org/springframework/cloud/spring-cloud-netflix-eureka-server/3.1.2/spring-cloud-netflix-eureka-server-3.1.2.jar
2022-05-09 21:20:02,224 [AetherRepositoryConnector-repo.maven.apache.org-0-1] INFO  o.e.m.c.i.e.AbstractTransferListenerAdapter - Downloaded https://repo.maven.apache.org/maven2/org/springframework/cloud/spring-cloud-netflix-eureka-server/3.1.2/spring-cloud-netflix-eureka-server-3.1.2.jar
2022-05-09 21:20:13,000 [Worker-191: Download sources and javadoc] INFO  o.e.m.c.i.e.AbstractTransferListenerAdapter - Downloaded https://repo.maven.apache.org/maven2/org/springframework/cloud/spring-cloud-starter-netflix-eureka-server/3.1.2/spring-cloud-starter-netflix-eureka-server-3.1.2-sources.jar
2022-05-09 21:20:13,164 [Worker-191: Download sources and javadoc] ERROR o.e.m.j.internal.DownloadSourcesJob - Could not download sources for org.springframework.cloud:spring-cloud-starter-netflix-eureka-server:3.1.2
org.eclipse.core.runtime.CoreException: Could not resolve artifact org.springframework.cloud:spring-cloud-starter-netflix-eureka-server:jar:sources:3.1.2
	at org.eclipse.m2e.core.internal.embedder.MavenImpl.lambda$4(MavenImpl.java:804)
	at org.eclipse.m2e.core.internal.embedder.MavenExecutionContext.executeBare(MavenExecutionContext.java:179)
	at org.eclipse.m2e.core.internal.embedder.MavenExecutionContext.execute(MavenExecutionContext.java:114)
	at org.eclipse.m2e.core.internal.embedder.MavenExecutionContext.execute(MavenExecutionContext.java:101)
	at org.eclipse.m2e.core.internal.embedder.MavenImpl.resolve(MavenImpl.java:772)
	at org.eclipse.m2e.core.internal.embedder.MavenImpl.resolve(MavenImpl.java:749)
	at org.eclipse.m2e.jdt.internal.DownloadSourcesJob.download(DownloadSourcesJob.java:330)
	at org.eclipse.m2e.jdt.internal.DownloadSourcesJob.downloadAttachments(DownloadSourcesJob.java:304)
	at org.eclipse.m2e.jdt.internal.DownloadSourcesJob.downloadMaven(DownloadSourcesJob.java:269)
	at org.eclipse.m2e.jdt.internal.DownloadSourcesJob.downloadFilesAndPopulateToUpdate(DownloadSourcesJob.java:233)
	at org.eclipse.m2e.jdt.internal.DownloadSourcesJob.lambda$0(DownloadSourcesJob.java:161)
	at org.eclipse.m2e.core.internal.embedder.MavenExecutionContext.executeBare(MavenExecutionContext.java:179)
	at org.eclipse.m2e.core.internal.embedder.MavenExecutionContext.execute(MavenExecutionContext.java:153)
	at org.eclipse.m2e.core.internal.embedder.MavenExecutionContext.execute(MavenExecutionContext.java:101)
	at org.eclipse.m2e.core.internal.embedder.MavenImpl.execute(MavenImpl.java:1374)
	at org.eclipse.m2e.jdt.internal.DownloadSourcesJob.run(DownloadSourcesJob.java:161)
	at org.eclipse.core.internal.jobs.Worker.run(Worker.java:63)
2022-05-09 21:20:14,509 [Worker-187: Import Getting Started Content] INFO  o.e.m.j.i.AbstractJavaProjectConfigurator - Adding source folder /Eurekaserver/src/main/java
2022-05-09 21:20:14,638 [Worker-187: Import Getting Started Content] INFO  o.e.m.j.i.AbstractJavaProjectConfigurator - Adding resource folder /Eurekaserver/src/main/resources
2022-05-09 21:20:14,860 [Worker-187: Import Getting Started Content] INFO  o.e.m.j.i.AbstractJavaProjectConfigurator - Adding resource folder /Eurekaserver/src/main/resources
2022-05-09 21:20:14,895 [Worker-187: Import Getting Started Content] INFO  o.e.m.j.i.AbstractJavaProjectConfigurator - Adding source folder /Eurekaserver/src/test/java
2022-05-09 21:20:15,643 [Worker-191: Download sources and javadoc] INFO  o.e.m.c.i.e.AbstractTransferListenerAdapter - Downloading https://repo.maven.apache.org/maven2/org/springframework/cloud/spring-cloud-netflix-eureka-server/3.1.2/spring-cloud-netflix-eureka-server-3.1.2-sources.jar
2022-05-09 21:20:15,971 [Worker-191: Download sources and javadoc] INFO  o.e.m.c.i.e.AbstractTransferListenerAdapter - Downloaded https://repo.maven.apache.org/maven2/org/springframework/cloud/spring-cloud-netflix-eureka-server/3.1.2/spring-cloud-netflix-eureka-server-3.1.2-sources.jar
2022-05-09 21:20:16,001 [Worker-191: Download sources and javadoc] INFO  o.e.m.j.internal.DownloadSourcesJob - Downloaded sources for org.springframework.cloud:spring-cloud-netflix-eureka-server:3.1.2
2022-05-09 21:20:28,482 [Worker-187: Import Getting Started Content] INFO  o.e.m.c.i.p.ProjectConfigurationManager - Imported and configured 1 project(s) in 57 sec
2022-05-09 21:20:28,491 [Worker-187: Import Getting Started Content] INFO  o.e.m.c.i.p.ProjectConfigurationManager - Update started
2022-05-09 21:20:29,223 [Worker-187: Import Getting Started Content] INFO  o.e.m.c.i.l.LifecycleMappingFactory - Using org.eclipse.m2e.jdt.JarLifecycleMapping lifecycle mapping for MavenProject: com.anu.server:eurekaserver:0.0.1-SNAPSHOT @ D:\E-Stock\Eurekaserver\pom.xml.
2022-05-09 21:20:30,114 [Worker-187: Import Getting Started Content] INFO  o.e.m.j.i.AbstractJavaProjectConfigurator - Adding source folder /Eurekaserver/src/main/java
2022-05-09 21:20:30,114 [Worker-187: Import Getting Started Content] INFO  o.e.m.j.i.AbstractJavaProjectConfigurator - Adding resource folder /Eurekaserver/src/main/resources
2022-05-09 21:20:30,116 [Worker-187: Import Getting Started Content] INFO  o.e.m.j.i.AbstractJavaProjectConfigurator - Adding resource folder /Eurekaserver/src/main/resources
2022-05-09 21:20:30,121 [Worker-187: Import Getting Started Content] INFO  o.e.m.j.i.AbstractJavaProjectConfigurator - Adding source folder /Eurekaserver/src/test/java
2022-05-09 21:20:31,015 [Worker-187: Import Getting Started Content] INFO  o.e.m.c.i.p.ProjectConfigurationManager - Update completed: 2 sec
2022-05-09 21:20:33,066 [Worker-186: Building] INFO  o.e.m.c.i.embedder.EclipseLogger - Using 'UTF-8' encoding to copy filtered resources.
2022-05-09 21:20:33,067 [Worker-186: Building] INFO  o.e.m.c.i.embedder.EclipseLogger - Using 'UTF-8' encoding to copy filtered properties files.
2022-05-09 21:20:33,067 [Worker-186: Building] INFO  o.e.m.c.i.embedder.EclipseLogger - Copying 1 resource
2022-05-09 21:20:33,070 [Worker-186: Building] INFO  o.e.m.c.i.embedder.EclipseLogger - Copying 0 resource
2022-05-09 21:20:33,073 [Worker-186: Building] INFO  o.e.m.c.i.embedder.EclipseLogger - Using 'UTF-8' encoding to copy filtered resources.
2022-05-09 21:20:33,073 [Worker-186: Building] INFO  o.e.m.c.i.embedder.EclipseLogger - Using 'UTF-8' encoding to copy filtered properties files.
2022-05-09 21:20:33,073 [Worker-186: Building] INFO  o.e.m.c.i.embedder.EclipseLogger - skip non existing resourceDirectory D:\E-Stock\Eurekaserver\src\test\resources
2022-05-09 21:20:33,461 [Worker-190: Download sources and javadoc] INFO  o.e.m.c.i.e.AbstractTransferListenerAdapter - Downloaded https://repo.maven.apache.org/maven2/org/springframework/cloud/spring-cloud-starter-netflix-eureka-server/3.1.2/spring-cloud-starter-netflix-eureka-server-3.1.2-javadoc.jar
2022-05-09 21:20:33,477 [Worker-190: Download sources and javadoc] ERROR o.e.m.j.internal.DownloadSourcesJob - Could not download javadoc for org.springframework.cloud:spring-cloud-starter-netflix-eureka-server:3.1.2
org.eclipse.core.runtime.CoreException: Could not resolve artifact org.springframework.cloud:spring-cloud-starter-netflix-eureka-server:jar:javadoc:3.1.2
	at org.eclipse.m2e.core.internal.embedder.MavenImpl.lambda$4(MavenImpl.java:804)
	at org.eclipse.m2e.core.internal.embedder.MavenExecutionContext.executeBare(MavenExecutionContext.java:179)
	at org.eclipse.m2e.core.internal.embedder.MavenExecutionContext.execute(MavenExecutionContext.java:114)
	at org.eclipse.m2e.core.internal.embedder.MavenExecutionContext.execute(MavenExecutionContext.java:101)
	at org.eclipse.m2e.core.internal.embedder.MavenImpl.resolve(MavenImpl.java:772)
	at org.eclipse.m2e.core.internal.embedder.MavenImpl.resolve(MavenImpl.java:749)
	at org.eclipse.m2e.jdt.internal.DownloadSourcesJob.download(DownloadSourcesJob.java:330)
	at org.eclipse.m2e.jdt.internal.DownloadSourcesJob.downloadAttachments(DownloadSourcesJob.java:316)
	at org.eclipse.m2e.jdt.internal.DownloadSourcesJob.downloadMaven(DownloadSourcesJob.java:269)
	at org.eclipse.m2e.jdt.internal.DownloadSourcesJob.downloadFilesAndPopulateToUpdate(DownloadSourcesJob.java:233)
	at org.eclipse.m2e.jdt.internal.DownloadSourcesJob.lambda$0(DownloadSourcesJob.java:161)
	at org.eclipse.m2e.core.internal.embedder.MavenExecutionContext.executeBare(MavenExecutionContext.java:179)
	at org.eclipse.m2e.core.internal.embedder.MavenExecutionContext.execute(MavenExecutionContext.java:153)
	at org.eclipse.m2e.core.internal.embedder.MavenExecutionContext.execute(MavenExecutionContext.java:101)
	at org.eclipse.m2e.core.internal.embedder.MavenImpl.execute(MavenImpl.java:1374)
	at org.eclipse.m2e.jdt.internal.DownloadSourcesJob.run(DownloadSourcesJob.java:161)
	at org.eclipse.core.internal.jobs.Worker.run(Worker.java:63)
2022-05-09 21:23:53,253 [Worker-194: Building] INFO  o.e.m.c.i.embedder.EclipseLogger - Using 'UTF-8' encoding to copy filtered resources.
2022-05-09 21:23:53,253 [Worker-194: Building] INFO  o.e.m.c.i.embedder.EclipseLogger - Using 'UTF-8' encoding to copy filtered properties files.
2022-05-09 21:23:53,255 [Worker-194: Building] INFO  o.e.m.c.i.embedder.EclipseLogger - Copying 1 resource
2022-05-09 21:23:53,285 [Worker-194: Building] INFO  o.e.m.c.i.embedder.EclipseLogger - Copying 0 resource
2022-05-09 21:23:53,287 [Worker-194: Building] INFO  o.e.m.c.i.embedder.EclipseLogger - Using 'UTF-8' encoding to copy filtered resources.
2022-05-09 21:23:53,287 [Worker-194: Building] INFO  o.e.m.c.i.embedder.EclipseLogger - Using 'UTF-8' encoding to copy filtered properties files.
2022-05-09 21:23:53,287 [Worker-194: Building] INFO  o.e.m.c.i.embedder.EclipseLogger - skip non existing resourceDirectory D:\E-Stock\StockDetailsService\src\test\resources
2022-05-09 21:25:20,727 [Worker-194: Building] INFO  o.e.m.c.i.embedder.EclipseLogger - Using 'UTF-8' encoding to copy filtered resources.
2022-05-09 21:25:20,727 [Worker-194: Building] INFO  o.e.m.c.i.embedder.EclipseLogger - Using 'UTF-8' encoding to copy filtered properties files.
2022-05-09 21:25:20,727 [Worker-194: Building] INFO  o.e.m.c.i.embedder.EclipseLogger - Copying 1 resource
2022-05-09 21:25:20,738 [Worker-194: Building] INFO  o.e.m.c.i.embedder.EclipseLogger - Copying 0 resource
2022-05-09 21:25:20,740 [Worker-194: Building] INFO  o.e.m.c.i.embedder.EclipseLogger - Using 'UTF-8' encoding to copy filtered resources.
2022-05-09 21:25:20,740 [Worker-194: Building] INFO  o.e.m.c.i.embedder.EclipseLogger - Using 'UTF-8' encoding to copy filtered properties files.
2022-05-09 21:25:20,740 [Worker-194: Building] INFO  o.e.m.c.i.embedder.EclipseLogger - skip non existing resourceDirectory D:\E-Stock\Eurekaserver\src\test\resources
2022-05-09 21:25:26,498 [Worker-194: Building] INFO  o.e.m.c.i.embedder.EclipseLogger - Using 'UTF-8' encoding to copy filtered resources.
2022-05-09 21:25:26,498 [Worker-194: Building] INFO  o.e.m.c.i.embedder.EclipseLogger - Using 'UTF-8' encoding to copy filtered properties files.
2022-05-09 21:25:26,498 [Worker-194: Building] INFO  o.e.m.c.i.embedder.EclipseLogger - Copying 1 resource
2022-05-09 21:25:26,507 [Worker-194: Building] INFO  o.e.m.c.i.embedder.EclipseLogger - Copying 0 resource
2022-05-09 21:25:26,509 [Worker-194: Building] INFO  o.e.m.c.i.embedder.EclipseLogger - Using 'UTF-8' encoding to copy filtered resources.
2022-05-09 21:25:26,510 [Worker-194: Building] INFO  o.e.m.c.i.embedder.EclipseLogger - Using 'UTF-8' encoding to copy filtered properties files.
2022-05-09 21:25:26,510 [Worker-194: Building] INFO  o.e.m.c.i.embedder.EclipseLogger - skip non existing resourceDirectory D:\E-Stock\Eurekaserver\src\test\resources
2022-05-09 21:25:41,952 [Worker-194: Building] INFO  o.e.m.c.i.embedder.EclipseLogger - Using 'UTF-8' encoding to copy filtered resources.
2022-05-09 21:25:41,952 [Worker-194: Building] INFO  o.e.m.c.i.embedder.EclipseLogger - Using 'UTF-8' encoding to copy filtered properties files.
2022-05-09 21:25:41,953 [Worker-194: Building] INFO  o.e.m.c.i.embedder.EclipseLogger - Copying 1 resource
2022-05-09 21:25:41,960 [Worker-194: Building] INFO  o.e.m.c.i.embedder.EclipseLogger - Copying 0 resource
2022-05-09 21:25:41,962 [Worker-194: Building] INFO  o.e.m.c.i.embedder.EclipseLogger - Using 'UTF-8' encoding to copy filtered resources.
2022-05-09 21:25:41,962 [Worker-194: Building] INFO  o.e.m.c.i.embedder.EclipseLogger - Using 'UTF-8' encoding to copy filtered properties files.
2022-05-09 21:25:41,962 [Worker-194: Building] INFO  o.e.m.c.i.embedder.EclipseLogger - skip non existing resourceDirectory D:\E-Stock\Eurekaserver\src\test\resources
2022-05-09 21:42:46,640 [Worker-193: Building] INFO  o.e.m.c.i.embedder.EclipseLogger - Using 'UTF-8' encoding to copy filtered resources.
2022-05-09 21:42:46,640 [Worker-193: Building] INFO  o.e.m.c.i.embedder.EclipseLogger - Using 'UTF-8' encoding to copy filtered properties files.
2022-05-09 21:42:46,641 [Worker-193: Building] INFO  o.e.m.c.i.embedder.EclipseLogger - Copying 1 resource
2022-05-09 21:42:46,652 [Worker-193: Building] INFO  o.e.m.c.i.embedder.EclipseLogger - Copying 0 resource
2022-05-09 21:42:46,655 [Worker-193: Building] INFO  o.e.m.c.i.embedder.EclipseLogger - Using 'UTF-8' encoding to copy filtered resources.
2022-05-09 21:42:46,655 [Worker-193: Building] INFO  o.e.m.c.i.embedder.EclipseLogger - Using 'UTF-8' encoding to copy filtered properties files.
2022-05-09 21:42:46,655 [Worker-193: Building] INFO  o.e.m.c.i.embedder.EclipseLogger - skip non existing resourceDirectory D:\E-Stock\CompanyDetails\src\test\resources
2022-05-09 21:47:20,529 [Worker-198: Building] INFO  o.e.m.c.i.l.LifecycleMappingFactory - Using org.eclipse.m2e.jdt.JarLifecycleMapping lifecycle mapping for MavenProject: com.anu.stock:company-details:0.0.1-SNAPSHOT @ D:\E-Stock\CompanyDetails\pom.xml.
2022-05-09 21:48:45,792 [Worker-193: Launching Executing install in D__E-Stock_CompanyDetails] INFO  o.e.m.i.launch.MavenLaunchDelegate - D:\E-Stock\CompanyDetails
2022-05-09 21:48:45,792 [Worker-193: Launching Executing install in D__E-Stock_CompanyDetails] INFO  o.e.m.i.launch.MavenLaunchDelegate -  mvn -Ppom.xml -B install
2022-05-09 21:50:40,800 [Worker-203: Updating Maven Project] INFO  o.e.m.c.i.p.ProjectConfigurationManager - Update started
2022-05-09 21:50:41,020 [Worker-203: Updating Maven Project] INFO  o.e.m.c.i.l.LifecycleMappingFactory - Using org.eclipse.m2e.jdt.JarLifecycleMapping lifecycle mapping for MavenProject: com.anu.stock:company-details:0.0.1-SNAPSHOT @ D:\E-Stock\CompanyDetails\pom.xml.
2022-05-09 21:50:41,497 [Worker-203: Updating Maven Project] INFO  o.e.m.j.i.AbstractJavaProjectConfigurator - Adding resource folder /CompanyDetails/src/main/resources
2022-05-09 21:50:41,498 [Worker-203: Updating Maven Project] INFO  o.e.m.j.i.AbstractJavaProjectConfigurator - Adding resource folder /CompanyDetails/src/main/resources
2022-05-09 21:50:41,992 [Worker-203: Updating Maven Project] INFO  o.e.m.c.i.p.ProjectConfigurationManager - Update completed: 1 sec
2022-05-09 21:51:05,324 [Worker-210: Building] INFO  o.e.m.c.i.embedder.EclipseLogger - Using 'UTF-8' encoding to copy filtered resources.
2022-05-09 21:51:05,324 [Worker-210: Building] INFO  o.e.m.c.i.embedder.EclipseLogger - Using 'UTF-8' encoding to copy filtered properties files.
2022-05-09 21:51:05,324 [Worker-210: Building] INFO  o.e.m.c.i.embedder.EclipseLogger - Copying 1 resource
2022-05-09 21:51:05,327 [Worker-210: Building] INFO  o.e.m.c.i.embedder.EclipseLogger - Copying 0 resource
2022-05-09 21:51:05,328 [Worker-210: Building] INFO  o.e.m.c.i.embedder.EclipseLogger - Using 'UTF-8' encoding to copy filtered resources.
2022-05-09 21:51:05,328 [Worker-210: Building] INFO  o.e.m.c.i.embedder.EclipseLogger - Using 'UTF-8' encoding to copy filtered properties files.
2022-05-09 21:51:05,328 [Worker-210: Building] INFO  o.e.m.c.i.embedder.EclipseLogger - skip non existing resourceDirectory D:\E-Stock\Eurekaserver\src\test\resources
2022-05-09 21:51:05,536 [Worker-210: Building] INFO  o.e.m.c.i.embedder.EclipseLogger - Using 'UTF-8' encoding to copy filtered resources.
2022-05-09 21:51:05,537 [Worker-210: Building] INFO  o.e.m.c.i.embedder.EclipseLogger - Using 'UTF-8' encoding to copy filtered properties files.
2022-05-09 21:51:05,537 [Worker-210: Building] INFO  o.e.m.c.i.embedder.EclipseLogger - Copying 1 resource
2022-05-09 21:51:05,540 [Worker-210: Building] INFO  o.e.m.c.i.embedder.EclipseLogger - Copying 0 resource
2022-05-09 21:51:05,543 [Worker-210: Building] INFO  o.e.m.c.i.embedder.EclipseLogger - Using 'UTF-8' encoding to copy filtered resources.
2022-05-09 21:51:05,543 [Worker-210: Building] INFO  o.e.m.c.i.embedder.EclipseLogger - Using 'UTF-8' encoding to copy filtered properties files.
2022-05-09 21:51:05,543 [Worker-210: Building] INFO  o.e.m.c.i.embedder.EclipseLogger - skip non existing resourceDirectory D:\E-Stock\StockDetailsService\src\test\resources
2022-05-09 21:54:20,455 [Worker-209: reload maven project] ERROR o.e.m2e.editor.pom.MavenPomEditor - failed to load maven project for org.eclipse.ui.part.FileEditorInput(/CompanyDetails/pom.xml)
org.eclipse.core.runtime.CoreException: Could not read maven project
	at org.eclipse.m2e.core.internal.project.registry.ProjectRegistryManager.readProjectWithDependencies(ProjectRegistryManager.java:850)
	at org.eclipse.m2e.core.internal.project.registry.ProjectRegistryManager.lambda$22(ProjectRegistryManager.java:1069)
	at com.google.common.cache.LocalCache$LocalManualCache$1.load(LocalCache.java:4878)
	at com.google.common.cache.LocalCache$LoadingValueReference.loadFuture(LocalCache.java:3529)
	at com.google.common.cache.LocalCache$Segment.loadSync(LocalCache.java:2278)
	at com.google.common.cache.LocalCache$Segment.lockedGetOrLoad(LocalCache.java:2155)
	at com.google.common.cache.LocalCache$Segment.get(LocalCache.java:2045)
	at com.google.common.cache.LocalCache.get(LocalCache.java:3953)
	at com.google.common.cache.LocalCache$LocalManualCache.get(LocalCache.java:4873)
	at org.eclipse.m2e.core.internal.project.registry.ProjectRegistryManager.getMavenProject(ProjectRegistryManager.java:1068)
	at org.eclipse.m2e.core.internal.project.registry.MavenProjectFacade.getMavenProject(MavenProjectFacade.java:243)
	at org.eclipse.m2e.core.ui.internal.actions.SelectionUtil.getMavenProject(SelectionUtil.java:261)
	at org.eclipse.m2e.editor.pom.MavenPomEditor.readMavenProject(MavenPomEditor.java:634)
	at org.eclipse.m2e.editor.pom.MavenPomEditor$3.run(MavenPomEditor.java:938)
	at org.eclipse.core.internal.jobs.Worker.run(Worker.java:63)
2022-05-09 21:54:20,715 [Worker-210: Building] INFO  o.e.m.c.i.l.LifecycleMappingFactory - Using org.eclipse.m2e.jdt.JarLifecycleMapping lifecycle mapping for MavenProject: com.anu.stock:company-details:0.0.1-SNAPSHOT @ D:\E-Stock\CompanyDetails\pom.xml.
2022-05-09 21:55:03,235 [Worker-210: Building] INFO  o.e.m.c.i.l.LifecycleMappingFactory - Using org.eclipse.m2e.jdt.JarLifecycleMapping lifecycle mapping for MavenProject: com.anu.stock:company-details:0.0.1-SNAPSHOT @ D:\E-Stock\CompanyDetails\pom.xml.
2022-05-09 21:55:03,575 [Worker-210: Building] INFO  o.e.m.c.i.embedder.EclipseLogger - Using 'UTF-8' encoding to copy filtered resources.
2022-05-09 21:55:03,575 [Worker-210: Building] INFO  o.e.m.c.i.embedder.EclipseLogger - Using 'UTF-8' encoding to copy filtered properties files.
2022-05-09 21:55:03,575 [Worker-210: Building] INFO  o.e.m.c.i.embedder.EclipseLogger - Copying 0 resource
2022-05-09 21:55:03,575 [Worker-210: Building] INFO  o.e.m.c.i.embedder.EclipseLogger - Copying 0 resource
2022-05-09 21:55:03,578 [Worker-210: Building] INFO  o.e.m.c.i.embedder.EclipseLogger - Using 'UTF-8' encoding to copy filtered resources.
2022-05-09 21:55:03,579 [Worker-210: Building] INFO  o.e.m.c.i.embedder.EclipseLogger - Using 'UTF-8' encoding to copy filtered properties files.
2022-05-09 21:55:03,579 [Worker-210: Building] INFO  o.e.m.c.i.embedder.EclipseLogger - skip non existing resourceDirectory D:\E-Stock\CompanyDetails\src\test\resources
2022-05-09 21:55:51,797 [Worker-203: Updating Maven Project] INFO  o.e.m.c.i.p.ProjectConfigurationManager - Update started
2022-05-09 21:55:52,181 [Worker-203: Updating Maven Project] INFO  o.e.m.c.i.l.LifecycleMappingFactory - Using org.eclipse.m2e.jdt.JarLifecycleMapping lifecycle mapping for MavenProject: com.anu.stock:company-details:0.0.1-SNAPSHOT @ D:\E-Stock\CompanyDetails\pom.xml.
2022-05-09 21:55:53,598 [Worker-203: Updating Maven Project] INFO  o.e.m.j.i.AbstractJavaProjectConfigurator - Adding source folder /CompanyDetails/src/main/java
2022-05-09 21:55:53,598 [Worker-203: Updating Maven Project] INFO  o.e.m.j.i.AbstractJavaProjectConfigurator - Adding resource folder /CompanyDetails/src/main/resources
2022-05-09 21:55:53,598 [Worker-203: Updating Maven Project] INFO  o.e.m.j.i.AbstractJavaProjectConfigurator - Adding resource folder /CompanyDetails/src/main/resources
2022-05-09 21:55:53,600 [Worker-203: Updating Maven Project] INFO  o.e.m.j.i.AbstractJavaProjectConfigurator - Adding source folder /CompanyDetails/src/test/java
2022-05-09 21:55:53,945 [Worker-203: Updating Maven Project] INFO  o.e.m.c.i.p.ProjectConfigurationManager - Update completed: 2 sec
2022-05-09 21:55:54,896 [Worker-210: Building] INFO  o.e.m.c.i.embedder.EclipseLogger - Using 'UTF-8' encoding to copy filtered resources.
2022-05-09 21:55:54,896 [Worker-210: Building] INFO  o.e.m.c.i.embedder.EclipseLogger - Using 'UTF-8' encoding to copy filtered properties files.
2022-05-09 21:55:54,896 [Worker-210: Building] INFO  o.e.m.c.i.embedder.EclipseLogger - Copying 2 resources
2022-05-09 21:55:54,901 [Worker-210: Building] INFO  o.e.m.c.i.embedder.EclipseLogger - Copying 0 resource
2022-05-09 21:55:54,903 [Worker-210: Building] INFO  o.e.m.c.i.embedder.EclipseLogger - Using 'UTF-8' encoding to copy filtered resources.
2022-05-09 21:55:54,903 [Worker-210: Building] INFO  o.e.m.c.i.embedder.EclipseLogger - Using 'UTF-8' encoding to copy filtered properties files.
2022-05-09 21:55:54,903 [Worker-210: Building] INFO  o.e.m.c.i.embedder.EclipseLogger - skip non existing resourceDirectory D:\E-Stock\CompanyDetails\src\test\resources
2022-05-09 21:57:13,670 [Worker-214: Updating Maven Project] INFO  o.e.m.c.i.p.ProjectConfigurationManager - Update started
2022-05-09 21:57:14,151 [Worker-214: Updating Maven Project] INFO  o.e.m.c.i.l.LifecycleMappingFactory - Using org.eclipse.m2e.jdt.JarLifecycleMapping lifecycle mapping for MavenProject: com.anu.stock:Stock-details:0.0.1-SNAPSHOT @ D:\E-Stock\StockDetailsService\pom.xml.
2022-05-09 21:57:15,097 [Worker-214: Updating Maven Project] INFO  o.e.m.j.i.AbstractJavaProjectConfigurator - Adding source folder /StockDetailsService/src/main/java
2022-05-09 21:57:15,097 [Worker-214: Updating Maven Project] INFO  o.e.m.j.i.AbstractJavaProjectConfigurator - Adding resource folder /StockDetailsService/src/main/resources
2022-05-09 21:57:15,098 [Worker-214: Updating Maven Project] INFO  o.e.m.j.i.AbstractJavaProjectConfigurator - Adding resource folder /StockDetailsService/src/main/resources
2022-05-09 21:57:15,098 [Worker-214: Updating Maven Project] INFO  o.e.m.j.i.AbstractJavaProjectConfigurator - Adding source folder /StockDetailsService/src/test/java
2022-05-09 21:57:15,490 [Worker-214: Updating Maven Project] INFO  o.e.m.c.i.p.ProjectConfigurationManager - Update completed: 1 sec
2022-05-09 21:57:16,312 [Worker-212: Building] INFO  o.e.m.c.i.embedder.EclipseLogger - Using 'UTF-8' encoding to copy filtered resources.
2022-05-09 21:57:16,312 [Worker-212: Building] INFO  o.e.m.c.i.embedder.EclipseLogger - Using 'UTF-8' encoding to copy filtered properties files.
2022-05-09 21:57:16,312 [Worker-212: Building] INFO  o.e.m.c.i.embedder.EclipseLogger - Copying 1 resource
2022-05-09 21:57:16,315 [Worker-212: Building] INFO  o.e.m.c.i.embedder.EclipseLogger - Copying 0 resource
2022-05-09 21:57:16,317 [Worker-212: Building] INFO  o.e.m.c.i.embedder.EclipseLogger - Using 'UTF-8' encoding to copy filtered resources.
2022-05-09 21:57:16,317 [Worker-212: Building] INFO  o.e.m.c.i.embedder.EclipseLogger - Using 'UTF-8' encoding to copy filtered properties files.
2022-05-09 21:57:16,327 [Worker-212: Building] INFO  o.e.m.c.i.embedder.EclipseLogger - skip non existing resourceDirectory D:\E-Stock\StockDetailsService\src\test\resources
2022-05-09 22:16:48,343 [Worker-218: Building] INFO  o.e.m.c.i.embedder.EclipseLogger - Using 'UTF-8' encoding to copy filtered resources.
2022-05-09 22:16:48,344 [Worker-218: Building] INFO  o.e.m.c.i.embedder.EclipseLogger - Using 'UTF-8' encoding to copy filtered properties files.
2022-05-09 22:16:48,344 [Worker-218: Building] INFO  o.e.m.c.i.embedder.EclipseLogger - Copying 2 resources
2022-05-09 22:16:48,743 [Worker-218: Building] INFO  o.e.m.c.i.embedder.EclipseLogger - Copying 0 resource
2022-05-09 22:16:48,746 [Worker-218: Building] INFO  o.e.m.c.i.embedder.EclipseLogger - Using 'UTF-8' encoding to copy filtered resources.
2022-05-09 22:16:48,746 [Worker-218: Building] INFO  o.e.m.c.i.embedder.EclipseLogger - Using 'UTF-8' encoding to copy filtered properties files.
2022-05-09 22:16:48,746 [Worker-218: Building] INFO  o.e.m.c.i.embedder.EclipseLogger - skip non existing resourceDirectory D:\E-Stock\CompanyDetails\src\test\resources
2022-05-09 22:20:45,522 [Worker-223: Updating Maven Project] INFO  o.e.m.c.i.p.ProjectConfigurationManager - Update started
2022-05-09 22:20:45,965 [Worker-223: Updating Maven Project] INFO  o.e.m.c.i.l.LifecycleMappingFactory - Using org.eclipse.m2e.jdt.JarLifecycleMapping lifecycle mapping for MavenProject: com.anu.stock:Stock-details:0.0.1-SNAPSHOT @ D:\E-Stock\StockDetailsService\pom.xml.
2022-05-09 22:20:47,540 [Worker-223: Updating Maven Project] INFO  o.e.m.j.i.AbstractJavaProjectConfigurator - Adding source folder /StockDetailsService/src/main/java
2022-05-09 22:20:47,540 [Worker-223: Updating Maven Project] INFO  o.e.m.j.i.AbstractJavaProjectConfigurator - Adding resource folder /StockDetailsService/src/main/resources
2022-05-09 22:20:47,540 [Worker-223: Updating Maven Project] INFO  o.e.m.j.i.AbstractJavaProjectConfigurator - Adding resource folder /StockDetailsService/src/main/resources
2022-05-09 22:20:47,541 [Worker-223: Updating Maven Project] INFO  o.e.m.j.i.AbstractJavaProjectConfigurator - Adding source folder /StockDetailsService/src/test/java
2022-05-09 22:20:48,086 [Worker-223: Updating Maven Project] INFO  o.e.m.c.i.p.ProjectConfigurationManager - Update completed: 2 sec
2022-05-09 22:20:49,881 [Worker-223: Building] INFO  o.e.m.c.i.embedder.EclipseLogger - Using 'UTF-8' encoding to copy filtered resources.
2022-05-09 22:20:49,881 [Worker-223: Building] INFO  o.e.m.c.i.embedder.EclipseLogger - Using 'UTF-8' encoding to copy filtered properties files.
2022-05-09 22:20:49,882 [Worker-223: Building] INFO  o.e.m.c.i.embedder.EclipseLogger - Copying 1 resource
2022-05-09 22:20:49,887 [Worker-223: Building] INFO  o.e.m.c.i.embedder.EclipseLogger - Copying 0 resource
2022-05-09 22:20:49,890 [Worker-223: Building] INFO  o.e.m.c.i.embedder.EclipseLogger - Using 'UTF-8' encoding to copy filtered resources.
2022-05-09 22:20:49,890 [Worker-223: Building] INFO  o.e.m.c.i.embedder.EclipseLogger - Using 'UTF-8' encoding to copy filtered properties files.
2022-05-09 22:20:49,890 [Worker-223: Building] INFO  o.e.m.c.i.embedder.EclipseLogger - skip non existing resourceDirectory D:\E-Stock\StockDetailsService\src\test\resources
2022-05-09 22:20:51,005 [Worker-224: Building] INFO  o.e.m.c.i.embedder.EclipseLogger - Using 'UTF-8' encoding to copy filtered resources.
2022-05-09 22:20:51,006 [Worker-224: Building] INFO  o.e.m.c.i.embedder.EclipseLogger - Using 'UTF-8' encoding to copy filtered properties files.
2022-05-09 22:20:51,006 [Worker-224: Building] INFO  o.e.m.c.i.embedder.EclipseLogger - Copying 0 resource
2022-05-09 22:20:51,006 [Worker-224: Building] INFO  o.e.m.c.i.embedder.EclipseLogger - Copying 0 resource
2022-05-09 22:20:51,007 [Worker-224: Building] INFO  o.e.m.c.i.embedder.EclipseLogger - Using 'UTF-8' encoding to copy filtered resources.
2022-05-09 22:20:51,007 [Worker-224: Building] INFO  o.e.m.c.i.embedder.EclipseLogger - Using 'UTF-8' encoding to copy filtered properties files.
2022-05-09 22:20:51,007 [Worker-224: Building] INFO  o.e.m.c.i.embedder.EclipseLogger - skip non existing resourceDirectory D:\E-Stock\CompanyDetails\src\test\resources
2022-05-09 22:23:24,907 [Worker-221: Building] INFO  o.e.m.c.i.embedder.EclipseLogger - Using 'UTF-8' encoding to copy filtered resources.
2022-05-09 22:23:24,907 [Worker-221: Building] INFO  o.e.m.c.i.embedder.EclipseLogger - Using 'UTF-8' encoding to copy filtered properties files.
2022-05-09 22:23:24,936 [Worker-221: Building] INFO  o.e.m.c.i.embedder.EclipseLogger - Copying 1 resource
2022-05-09 22:23:24,945 [Worker-221: Building] INFO  o.e.m.c.i.embedder.EclipseLogger - Copying 0 resource
2022-05-09 22:23:24,946 [Worker-221: Building] INFO  o.e.m.c.i.embedder.EclipseLogger - Using 'UTF-8' encoding to copy filtered resources.
2022-05-09 22:23:24,946 [Worker-221: Building] INFO  o.e.m.c.i.embedder.EclipseLogger - Using 'UTF-8' encoding to copy filtered properties files.
2022-05-09 22:23:24,946 [Worker-221: Building] INFO  o.e.m.c.i.embedder.EclipseLogger - skip non existing resourceDirectory D:\E-Stock\StockDetailsService\src\test\resources
2022-05-09 22:25:53,631 [Worker-227: Building] INFO  o.e.m.c.i.embedder.EclipseLogger - Using 'UTF-8' encoding to copy filtered resources.
2022-05-09 22:25:53,631 [Worker-227: Building] INFO  o.e.m.c.i.embedder.EclipseLogger - Using 'UTF-8' encoding to copy filtered properties files.
2022-05-09 22:25:53,633 [Worker-227: Building] INFO  o.e.m.c.i.embedder.EclipseLogger - Copying 1 resource
2022-05-09 22:25:53,654 [Worker-227: Building] INFO  o.e.m.c.i.embedder.EclipseLogger - Copying 0 resource
2022-05-09 22:25:53,660 [Worker-227: Building] INFO  o.e.m.c.i.embedder.EclipseLogger - Using 'UTF-8' encoding to copy filtered resources.
2022-05-09 22:25:53,660 [Worker-227: Building] INFO  o.e.m.c.i.embedder.EclipseLogger - Using 'UTF-8' encoding to copy filtered properties files.
2022-05-09 22:25:53,661 [Worker-227: Building] INFO  o.e.m.c.i.embedder.EclipseLogger - skip non existing resourceDirectory D:\E-Stock\StockDetailsService\src\test\resources
2022-05-19 22:28:27,646 [Worker-6: Loading available Gradle versions] INFO  o.e.b.c.i.u.g.PublishedGradleVersions - Gradle version information cache is out-of-date. Trying to update.
2022-05-19 22:28:36,803 [Worker-9: Updating Maven Dependencies] INFO  o.e.m.c.i.l.LifecycleMappingFactory - Using org.eclipse.m2e.jdt.JarLifecycleMapping lifecycle mapping for MavenProject: com.anu.stock:Stock-details:0.0.1-SNAPSHOT @ D:\E-Stock\StockDetailsService\pom.xml.
2022-05-19 22:28:40,357 [Worker-9: Updating Maven Dependencies] INFO  o.e.m.c.i.l.LifecycleMappingFactory - Using org.eclipse.m2e.jdt.JarLifecycleMapping lifecycle mapping for MavenProject: com.anu.server:eurekaserver:0.0.1-SNAPSHOT @ D:\E-Stock\Eurekaserver\pom.xml.
2022-05-19 22:28:41,067 [Worker-7: Building] INFO  o.e.m.c.i.l.LifecycleMappingFactory - Using org.eclipse.m2e.jdt.JarLifecycleMapping lifecycle mapping for MavenProject: com.anu.stock:company-details:0.0.1-SNAPSHOT @ D:\E-Stock\CompanyDetails\pom.xml.
2022-05-19 22:28:44,988 [Worker-7: Building] INFO  o.e.m.c.i.embedder.EclipseLogger - Using 'UTF-8' encoding to copy filtered resources.
2022-05-19 22:28:44,989 [Worker-7: Building] INFO  o.e.m.c.i.embedder.EclipseLogger - Using 'UTF-8' encoding to copy filtered properties files.
2022-05-19 22:28:45,046 [Worker-7: Building] INFO  o.e.m.c.i.embedder.EclipseLogger - Copying 2 resources
2022-05-19 22:28:45,094 [Worker-7: Building] INFO  o.e.m.c.i.embedder.EclipseLogger - Copying 0 resource
2022-05-19 22:28:45,103 [Worker-7: Building] INFO  o.e.m.c.i.embedder.EclipseLogger - Using 'UTF-8' encoding to copy filtered resources.
2022-05-19 22:28:45,103 [Worker-7: Building] INFO  o.e.m.c.i.embedder.EclipseLogger - Using 'UTF-8' encoding to copy filtered properties files.
2022-05-19 22:28:45,103 [Worker-7: Building] INFO  o.e.m.c.i.embedder.EclipseLogger - skip non existing resourceDirectory D:\E-Stock\CompanyDetails\src\test\resources
2022-05-19 22:28:46,319 [Worker-2: Updating Maven Dependencies] INFO  o.e.m.c.i.l.LifecycleMappingFactory - Using org.eclipse.m2e.jdt.JarLifecycleMapping lifecycle mapping for MavenProject: com.anu.stock:Stock-details:0.0.1-SNAPSHOT @ D:\E-Stock\StockDetailsService\pom.xml.
2022-05-19 22:28:47,139 [Worker-7: Building] INFO  o.e.m.c.i.l.LifecycleMappingFactory - Using org.eclipse.m2e.jdt.JarLifecycleMapping lifecycle mapping for MavenProject: com.anu.server:eurekaserver:0.0.1-SNAPSHOT @ D:\E-Stock\Eurekaserver\pom.xml.
2022-05-19 22:28:48,575 [Worker-7: Building] INFO  o.e.m.c.i.embedder.EclipseLogger - Using 'UTF-8' encoding to copy filtered resources.
2022-05-19 22:28:48,576 [Worker-7: Building] INFO  o.e.m.c.i.embedder.EclipseLogger - Using 'UTF-8' encoding to copy filtered properties files.
2022-05-19 22:28:48,578 [Worker-7: Building] INFO  o.e.m.c.i.embedder.EclipseLogger - Copying 1 resource
2022-05-19 22:28:48,585 [Worker-7: Building] INFO  o.e.m.c.i.embedder.EclipseLogger - Copying 0 resource
2022-05-19 22:28:48,590 [Worker-7: Building] INFO  o.e.m.c.i.embedder.EclipseLogger - Using 'UTF-8' encoding to copy filtered resources.
2022-05-19 22:28:48,590 [Worker-7: Building] INFO  o.e.m.c.i.embedder.EclipseLogger - Using 'UTF-8' encoding to copy filtered properties files.
2022-05-19 22:28:48,590 [Worker-7: Building] INFO  o.e.m.c.i.embedder.EclipseLogger - skip non existing resourceDirectory D:\E-Stock\Eurekaserver\src\test\resources
2022-05-19 22:28:49,718 [Worker-7: Building] INFO  o.e.m.c.i.l.LifecycleMappingFactory - Using org.eclipse.m2e.jdt.JarLifecycleMapping lifecycle mapping for MavenProject: com.anu.stock:Stock-details:0.0.1-SNAPSHOT @ D:\E-Stock\StockDetailsService\pom.xml.
2022-05-19 22:28:52,125 [Worker-7: Building] INFO  o.e.m.c.i.embedder.EclipseLogger - Using 'UTF-8' encoding to copy filtered resources.
2022-05-19 22:28:52,125 [Worker-7: Building] INFO  o.e.m.c.i.embedder.EclipseLogger - Using 'UTF-8' encoding to copy filtered properties files.
2022-05-19 22:28:52,126 [Worker-7: Building] INFO  o.e.m.c.i.embedder.EclipseLogger - Copying 1 resource
2022-05-19 22:28:52,147 [Worker-7: Building] INFO  o.e.m.c.i.embedder.EclipseLogger - Copying 0 resource
2022-05-19 22:28:52,151 [Worker-7: Building] INFO  o.e.m.c.i.embedder.EclipseLogger - Using 'UTF-8' encoding to copy filtered resources.
2022-05-19 22:28:52,151 [Worker-7: Building] INFO  o.e.m.c.i.embedder.EclipseLogger - Using 'UTF-8' encoding to copy filtered properties files.
2022-05-19 22:28:52,151 [Worker-7: Building] INFO  o.e.m.c.i.embedder.EclipseLogger - skip non existing resourceDirectory D:\E-Stock\StockDetailsService\src\test\resources
2022-05-19 22:28:53,682 [Worker-0: Updating Maven Dependencies] INFO  o.e.m.c.i.l.LifecycleMappingFactory - Using org.eclipse.m2e.jdt.JarLifecycleMapping lifecycle mapping for MavenProject: com.anu.stock:Stock-details:0.0.1-SNAPSHOT @ D:\E-Stock\StockDetailsService\pom.xml.
2022-05-19 22:28:54,623 [Worker-0: Updating Maven Dependencies] INFO  o.e.m.c.i.l.LifecycleMappingFactory - Using org.eclipse.m2e.jdt.JarLifecycleMapping lifecycle mapping for MavenProject: com.anu.server:eurekaserver:0.0.1-SNAPSHOT @ D:\E-Stock\Eurekaserver\pom.xml.
2022-05-19 22:28:54,959 [Worker-0: Updating Maven Dependencies] INFO  o.e.m.c.i.l.LifecycleMappingFactory - Using org.eclipse.m2e.jdt.JarLifecycleMapping lifecycle mapping for MavenProject: com.anu.stock:company-details:0.0.1-SNAPSHOT @ D:\E-Stock\CompanyDetails\pom.xml.
2022-05-19 22:28:57,652 [Worker-18: Building] INFO  o.e.m.c.i.embedder.EclipseLogger - Using 'UTF-8' encoding to copy filtered resources.
2022-05-19 22:28:57,652 [Worker-18: Building] INFO  o.e.m.c.i.embedder.EclipseLogger - Using 'UTF-8' encoding to copy filtered properties files.
2022-05-19 22:28:57,656 [Worker-18: Building] INFO  o.e.m.c.i.embedder.EclipseLogger - Copying 0 resource
2022-05-19 22:28:57,656 [Worker-18: Building] INFO  o.e.m.c.i.embedder.EclipseLogger - Copying 0 resource
2022-05-19 22:28:57,660 [Worker-18: Building] INFO  o.e.m.c.i.embedder.EclipseLogger - Using 'UTF-8' encoding to copy filtered resources.
2022-05-19 22:28:57,660 [Worker-18: Building] INFO  o.e.m.c.i.embedder.EclipseLogger - Using 'UTF-8' encoding to copy filtered properties files.
2022-05-19 22:28:57,660 [Worker-18: Building] INFO  o.e.m.c.i.embedder.EclipseLogger - skip non existing resourceDirectory D:\E-Stock\CompanyDetails\src\test\resources
2022-05-19 22:28:58,446 [Worker-18: Building] INFO  o.e.m.c.i.embedder.EclipseLogger - Using 'UTF-8' encoding to copy filtered resources.
2022-05-19 22:28:58,446 [Worker-18: Building] INFO  o.e.m.c.i.embedder.EclipseLogger - Using 'UTF-8' encoding to copy filtered properties files.
2022-05-19 22:28:58,447 [Worker-18: Building] INFO  o.e.m.c.i.embedder.EclipseLogger - Copying 0 resource
2022-05-19 22:28:58,447 [Worker-18: Building] INFO  o.e.m.c.i.embedder.EclipseLogger - Copying 0 resource
2022-05-19 22:28:58,449 [Worker-18: Building] INFO  o.e.m.c.i.embedder.EclipseLogger - Using 'UTF-8' encoding to copy filtered resources.
2022-05-19 22:28:58,449 [Worker-18: Building] INFO  o.e.m.c.i.embedder.EclipseLogger - Using 'UTF-8' encoding to copy filtered properties files.
2022-05-19 22:28:58,449 [Worker-18: Building] INFO  o.e.m.c.i.embedder.EclipseLogger - skip non existing resourceDirectory D:\E-Stock\Eurekaserver\src\test\resources
2022-05-19 22:28:59,275 [Worker-18: Building] INFO  o.e.m.c.i.embedder.EclipseLogger - Using 'UTF-8' encoding to copy filtered resources.
2022-05-19 22:28:59,276 [Worker-18: Building] INFO  o.e.m.c.i.embedder.EclipseLogger - Using 'UTF-8' encoding to copy filtered properties files.
2022-05-19 22:28:59,276 [Worker-18: Building] INFO  o.e.m.c.i.embedder.EclipseLogger - Copying 0 resource
2022-05-19 22:28:59,276 [Worker-18: Building] INFO  o.e.m.c.i.embedder.EclipseLogger - Copying 0 resource
2022-05-19 22:28:59,279 [Worker-18: Building] INFO  o.e.m.c.i.embedder.EclipseLogger - Using 'UTF-8' encoding to copy filtered resources.
2022-05-19 22:28:59,279 [Worker-18: Building] INFO  o.e.m.c.i.embedder.EclipseLogger - Using 'UTF-8' encoding to copy filtered properties files.
2022-05-19 22:28:59,279 [Worker-18: Building] INFO  o.e.m.c.i.embedder.EclipseLogger - skip non existing resourceDirectory D:\E-Stock\StockDetailsService\src\test\resources
2022-05-19 22:33:16,025 [Worker-23: Building] INFO  o.e.m.c.i.embedder.EclipseLogger - Using 'UTF-8' encoding to copy filtered resources.
2022-05-19 22:33:16,026 [Worker-23: Building] INFO  o.e.m.c.i.embedder.EclipseLogger - Using 'UTF-8' encoding to copy filtered properties files.
2022-05-19 22:33:16,026 [Worker-23: Building] INFO  o.e.m.c.i.embedder.EclipseLogger - Copying 0 resource
2022-05-19 22:33:16,027 [Worker-23: Building] INFO  o.e.m.c.i.embedder.EclipseLogger - Copying 0 resource
2022-05-19 22:33:16,032 [Worker-23: Building] INFO  o.e.m.c.i.embedder.EclipseLogger - Using 'UTF-8' encoding to copy filtered resources.
2022-05-19 22:33:16,032 [Worker-23: Building] INFO  o.e.m.c.i.embedder.EclipseLogger - Using 'UTF-8' encoding to copy filtered properties files.
2022-05-19 22:33:16,032 [Worker-23: Building] INFO  o.e.m.c.i.embedder.EclipseLogger - skip non existing resourceDirectory D:\E-Stock\CompanyDetails\src\test\resources
2022-05-23 19:07:42,949 [Worker-159: Building] INFO  o.e.m.c.i.embedder.EclipseLogger - Using 'UTF-8' encoding to copy filtered resources.
2022-05-23 19:07:43,071 [Worker-159: Building] INFO  o.e.m.c.i.embedder.EclipseLogger - Using 'UTF-8' encoding to copy filtered properties files.
2022-05-23 19:07:43,119 [Worker-159: Building] INFO  o.e.m.c.i.embedder.EclipseLogger - Copying 2 resources
2022-05-23 19:07:43,818 [Worker-159: Building] INFO  o.e.m.c.i.embedder.EclipseLogger - Copying 0 resource
2022-05-23 19:07:43,826 [Worker-159: Building] INFO  o.e.m.c.i.embedder.EclipseLogger - Using 'UTF-8' encoding to copy filtered resources.
2022-05-23 19:07:43,826 [Worker-159: Building] INFO  o.e.m.c.i.embedder.EclipseLogger - Using 'UTF-8' encoding to copy filtered properties files.
2022-05-23 19:07:43,826 [Worker-159: Building] INFO  o.e.m.c.i.embedder.EclipseLogger - skip non existing resourceDirectory D:\E-Stock\CompanyDetails\src\test\resources
2022-05-23 19:08:31,982 [Worker-160: Building] INFO  o.e.m.c.i.embedder.EclipseLogger - Using 'UTF-8' encoding to copy filtered resources.
2022-05-23 19:08:31,982 [Worker-160: Building] INFO  o.e.m.c.i.embedder.EclipseLogger - Using 'UTF-8' encoding to copy filtered properties files.
2022-05-23 19:08:31,983 [Worker-160: Building] INFO  o.e.m.c.i.embedder.EclipseLogger - Copying 2 resources
2022-05-23 19:08:32,041 [Worker-160: Building] INFO  o.e.m.c.i.embedder.EclipseLogger - Copying 0 resource
2022-05-23 19:08:32,043 [Worker-160: Building] INFO  o.e.m.c.i.embedder.EclipseLogger - Using 'UTF-8' encoding to copy filtered resources.
2022-05-23 19:08:32,043 [Worker-160: Building] INFO  o.e.m.c.i.embedder.EclipseLogger - Using 'UTF-8' encoding to copy filtered properties files.
2022-05-23 19:08:32,043 [Worker-160: Building] INFO  o.e.m.c.i.embedder.EclipseLogger - skip non existing resourceDirectory D:\E-Stock\CompanyDetails\src\test\resources
2022-05-23 20:24:14,710 [Worker-177: Building] INFO  o.e.m.c.i.embedder.EclipseLogger - Using 'UTF-8' encoding to copy filtered resources.
2022-05-23 20:24:14,720 [Worker-177: Building] INFO  o.e.m.c.i.embedder.EclipseLogger - Using 'UTF-8' encoding to copy filtered properties files.
2022-05-23 20:24:14,722 [Worker-177: Building] INFO  o.e.m.c.i.embedder.EclipseLogger - Copying 1 resource
2022-05-23 20:24:14,748 [Worker-177: Building] INFO  o.e.m.c.i.embedder.EclipseLogger - Copying 0 resource
2022-05-23 20:24:14,752 [Worker-177: Building] INFO  o.e.m.c.i.embedder.EclipseLogger - Using 'UTF-8' encoding to copy filtered resources.
2022-05-23 20:24:14,752 [Worker-177: Building] INFO  o.e.m.c.i.embedder.EclipseLogger - Using 'UTF-8' encoding to copy filtered properties files.
2022-05-23 20:24:14,752 [Worker-177: Building] INFO  o.e.m.c.i.embedder.EclipseLogger - skip non existing resourceDirectory D:\E-Stock\StockDetailsService\src\test\resources
2022-05-23 20:30:14,176 [Worker-2: Building] INFO  o.e.m.c.i.embedder.EclipseLogger - Using 'UTF-8' encoding to copy filtered resources.
2022-05-23 20:30:14,176 [Worker-2: Building] INFO  o.e.m.c.i.embedder.EclipseLogger - Using 'UTF-8' encoding to copy filtered properties files.
2022-05-23 20:30:14,177 [Worker-2: Building] INFO  o.e.m.c.i.embedder.EclipseLogger - Copying 1 resource
2022-05-23 20:30:14,211 [Worker-2: Building] INFO  o.e.m.c.i.embedder.EclipseLogger - Copying 0 resource
2022-05-23 20:30:14,217 [Worker-2: Building] INFO  o.e.m.c.i.embedder.EclipseLogger - Using 'UTF-8' encoding to copy filtered resources.
2022-05-23 20:30:14,217 [Worker-2: Building] INFO  o.e.m.c.i.embedder.EclipseLogger - Using 'UTF-8' encoding to copy filtered properties files.
2022-05-23 20:30:14,217 [Worker-2: Building] INFO  o.e.m.c.i.embedder.EclipseLogger - skip non existing resourceDirectory D:\E-Stock\StockDetailsService\src\test\resources
2022-05-23 20:32:42,354 [Worker-179: Building] INFO  o.e.m.c.i.embedder.EclipseLogger - Using 'UTF-8' encoding to copy filtered resources.
2022-05-23 20:32:42,354 [Worker-179: Building] INFO  o.e.m.c.i.embedder.EclipseLogger - Using 'UTF-8' encoding to copy filtered properties files.
2022-05-23 20:32:42,354 [Worker-179: Building] INFO  o.e.m.c.i.embedder.EclipseLogger - Copying 1 resource
2022-05-23 20:32:42,365 [Worker-179: Building] INFO  o.e.m.c.i.embedder.EclipseLogger - Copying 0 resource
2022-05-23 20:32:42,367 [Worker-179: Building] INFO  o.e.m.c.i.embedder.EclipseLogger - Using 'UTF-8' encoding to copy filtered resources.
2022-05-23 20:32:42,368 [Worker-179: Building] INFO  o.e.m.c.i.embedder.EclipseLogger - Using 'UTF-8' encoding to copy filtered properties files.
2022-05-23 20:32:42,368 [Worker-179: Building] INFO  o.e.m.c.i.embedder.EclipseLogger - skip non existing resourceDirectory D:\E-Stock\StockDetailsService\src\test\resources
2022-05-23 20:34:21,173 [Worker-179: Building] INFO  o.e.m.c.i.embedder.EclipseLogger - Using 'UTF-8' encoding to copy filtered resources.
2022-05-23 20:34:21,174 [Worker-179: Building] INFO  o.e.m.c.i.embedder.EclipseLogger - Using 'UTF-8' encoding to copy filtered properties files.
2022-05-23 20:34:21,174 [Worker-179: Building] INFO  o.e.m.c.i.embedder.EclipseLogger - Copying 1 resource
2022-05-23 20:34:21,186 [Worker-179: Building] INFO  o.e.m.c.i.embedder.EclipseLogger - Copying 0 resource
2022-05-23 20:34:21,189 [Worker-179: Building] INFO  o.e.m.c.i.embedder.EclipseLogger - Using 'UTF-8' encoding to copy filtered resources.
2022-05-23 20:34:21,189 [Worker-179: Building] INFO  o.e.m.c.i.embedder.EclipseLogger - Using 'UTF-8' encoding to copy filtered properties files.
2022-05-23 20:34:21,189 [Worker-179: Building] INFO  o.e.m.c.i.embedder.EclipseLogger - skip non existing resourceDirectory D:\E-Stock\StockDetailsService\src\test\resources
2022-05-23 20:36:08,333 [Worker-2: Building] INFO  o.e.m.c.i.embedder.EclipseLogger - Using 'UTF-8' encoding to copy filtered resources.
2022-05-23 20:36:08,333 [Worker-2: Building] INFO  o.e.m.c.i.embedder.EclipseLogger - Using 'UTF-8' encoding to copy filtered properties files.
2022-05-23 20:36:08,334 [Worker-2: Building] INFO  o.e.m.c.i.embedder.EclipseLogger - Copying 0 resource
2022-05-23 20:36:08,334 [Worker-2: Building] INFO  o.e.m.c.i.embedder.EclipseLogger - Copying 0 resource
2022-05-23 20:36:08,335 [Worker-2: Building] INFO  o.e.m.c.i.embedder.EclipseLogger - Using 'UTF-8' encoding to copy filtered resources.
2022-05-23 20:36:08,335 [Worker-2: Building] INFO  o.e.m.c.i.embedder.EclipseLogger - Using 'UTF-8' encoding to copy filtered properties files.
2022-05-23 20:36:08,432 [Worker-2: Building] INFO  o.e.m.c.i.embedder.EclipseLogger - skip non existing resourceDirectory D:\E-Stock\CompanyDetails\src\test\resources
2022-05-23 20:36:18,867 [Worker-182: Building] INFO  o.e.m.c.i.embedder.EclipseLogger - Using 'UTF-8' encoding to copy filtered resources.
2022-05-23 20:36:18,868 [Worker-182: Building] INFO  o.e.m.c.i.embedder.EclipseLogger - Using 'UTF-8' encoding to copy filtered properties files.
2022-05-23 20:36:18,868 [Worker-182: Building] INFO  o.e.m.c.i.embedder.EclipseLogger - Copying 0 resource
2022-05-23 20:36:18,868 [Worker-182: Building] INFO  o.e.m.c.i.embedder.EclipseLogger - Copying 0 resource
2022-05-23 20:36:18,870 [Worker-182: Building] INFO  o.e.m.c.i.embedder.EclipseLogger - Using 'UTF-8' encoding to copy filtered resources.
2022-05-23 20:36:18,870 [Worker-182: Building] INFO  o.e.m.c.i.embedder.EclipseLogger - Using 'UTF-8' encoding to copy filtered properties files.
2022-05-23 20:36:18,870 [Worker-182: Building] INFO  o.e.m.c.i.embedder.EclipseLogger - skip non existing resourceDirectory D:\E-Stock\CompanyDetails\src\test\resources
2022-05-23 20:36:24,504 [Worker-2: Building] INFO  o.e.m.c.i.embedder.EclipseLogger - Using 'UTF-8' encoding to copy filtered resources.
2022-05-23 20:36:24,504 [Worker-2: Building] INFO  o.e.m.c.i.embedder.EclipseLogger - Using 'UTF-8' encoding to copy filtered properties files.
2022-05-23 20:36:24,504 [Worker-2: Building] INFO  o.e.m.c.i.embedder.EclipseLogger - Copying 0 resource
2022-05-23 20:36:24,504 [Worker-2: Building] INFO  o.e.m.c.i.embedder.EclipseLogger - Copying 0 resource
2022-05-23 20:36:24,506 [Worker-2: Building] INFO  o.e.m.c.i.embedder.EclipseLogger - Using 'UTF-8' encoding to copy filtered resources.
2022-05-23 20:36:24,507 [Worker-2: Building] INFO  o.e.m.c.i.embedder.EclipseLogger - Using 'UTF-8' encoding to copy filtered properties files.
2022-05-23 20:36:24,507 [Worker-2: Building] INFO  o.e.m.c.i.embedder.EclipseLogger - skip non existing resourceDirectory D:\E-Stock\CompanyDetails\src\test\resources
2022-05-23 21:49:04,846 [Worker-191: Building] INFO  o.e.m.c.i.embedder.EclipseLogger - Using 'UTF-8' encoding to copy filtered resources.
2022-05-23 21:49:04,871 [Worker-191: Building] INFO  o.e.m.c.i.embedder.EclipseLogger - Using 'UTF-8' encoding to copy filtered properties files.
2022-05-23 21:49:04,889 [Worker-191: Building] INFO  o.e.m.c.i.embedder.EclipseLogger - Copying 2 resources
2022-05-23 21:49:04,951 [Worker-191: Building] INFO  o.e.m.c.i.embedder.EclipseLogger - Copying 0 resource
2022-05-23 21:49:04,953 [Worker-191: Building] INFO  o.e.m.c.i.embedder.EclipseLogger - Using 'UTF-8' encoding to copy filtered resources.
2022-05-23 21:49:04,953 [Worker-191: Building] INFO  o.e.m.c.i.embedder.EclipseLogger - Using 'UTF-8' encoding to copy filtered properties files.
2022-05-23 21:49:04,954 [Worker-191: Building] INFO  o.e.m.c.i.embedder.EclipseLogger - skip non existing resourceDirectory D:\E-Stock\CompanyDetails\src\test\resources
2022-05-23 21:49:18,732 [Worker-192: Building] INFO  o.e.m.c.i.embedder.EclipseLogger - Using 'UTF-8' encoding to copy filtered resources.
2022-05-23 21:49:18,732 [Worker-192: Building] INFO  o.e.m.c.i.embedder.EclipseLogger - Using 'UTF-8' encoding to copy filtered properties files.
2022-05-23 21:49:18,734 [Worker-192: Building] INFO  o.e.m.c.i.embedder.EclipseLogger - Copying 2 resources
2022-05-23 21:49:18,774 [Worker-192: Building] INFO  o.e.m.c.i.embedder.EclipseLogger - Copying 0 resource
2022-05-23 21:49:18,775 [Worker-192: Building] INFO  o.e.m.c.i.embedder.EclipseLogger - Using 'UTF-8' encoding to copy filtered resources.
2022-05-23 21:49:18,775 [Worker-192: Building] INFO  o.e.m.c.i.embedder.EclipseLogger - Using 'UTF-8' encoding to copy filtered properties files.
2022-05-23 21:49:18,775 [Worker-192: Building] INFO  o.e.m.c.i.embedder.EclipseLogger - skip non existing resourceDirectory D:\E-Stock\CompanyDetails\src\test\resources
2022-05-23 22:02:51,847 [Worker-191: Building] INFO  o.e.m.c.i.embedder.EclipseLogger - Using 'UTF-8' encoding to copy filtered resources.
2022-05-23 22:02:51,847 [Worker-191: Building] INFO  o.e.m.c.i.embedder.EclipseLogger - Using 'UTF-8' encoding to copy filtered properties files.
2022-05-23 22:02:51,860 [Worker-191: Building] INFO  o.e.m.c.i.embedder.EclipseLogger - Copying 1 resource
2022-05-23 22:02:51,903 [Worker-191: Building] INFO  o.e.m.c.i.embedder.EclipseLogger - Copying 0 resource
2022-05-23 22:02:51,905 [Worker-191: Building] INFO  o.e.m.c.i.embedder.EclipseLogger - Using 'UTF-8' encoding to copy filtered resources.
2022-05-23 22:02:51,905 [Worker-191: Building] INFO  o.e.m.c.i.embedder.EclipseLogger - Using 'UTF-8' encoding to copy filtered properties files.
2022-05-23 22:02:51,905 [Worker-191: Building] INFO  o.e.m.c.i.embedder.EclipseLogger - skip non existing resourceDirectory D:\E-Stock\StockDetailsService\src\test\resources
2022-05-23 22:03:33,437 [Worker-191: Building] INFO  o.e.m.c.i.embedder.EclipseLogger - Using 'UTF-8' encoding to copy filtered resources.
2022-05-23 22:03:33,437 [Worker-191: Building] INFO  o.e.m.c.i.embedder.EclipseLogger - Using 'UTF-8' encoding to copy filtered properties files.
2022-05-23 22:03:33,438 [Worker-191: Building] INFO  o.e.m.c.i.embedder.EclipseLogger - Copying 1 resource
2022-05-23 22:03:33,445 [Worker-191: Building] INFO  o.e.m.c.i.embedder.EclipseLogger - Copying 0 resource
2022-05-23 22:03:33,447 [Worker-191: Building] INFO  o.e.m.c.i.embedder.EclipseLogger - Using 'UTF-8' encoding to copy filtered resources.
2022-05-23 22:03:33,447 [Worker-191: Building] INFO  o.e.m.c.i.embedder.EclipseLogger - Using 'UTF-8' encoding to copy filtered properties files.
2022-05-23 22:03:33,447 [Worker-191: Building] INFO  o.e.m.c.i.embedder.EclipseLogger - skip non existing resourceDirectory D:\E-Stock\StockDetailsService\src\test\resources
2022-05-23 22:05:00,833 [Worker-191: Building] INFO  o.e.m.c.i.embedder.EclipseLogger - Using 'UTF-8' encoding to copy filtered resources.
2022-05-23 22:05:00,833 [Worker-191: Building] INFO  o.e.m.c.i.embedder.EclipseLogger - Using 'UTF-8' encoding to copy filtered properties files.
2022-05-23 22:05:00,834 [Worker-191: Building] INFO  o.e.m.c.i.embedder.EclipseLogger - Copying 2 resources
2022-05-23 22:05:00,850 [Worker-191: Building] INFO  o.e.m.c.i.embedder.EclipseLogger - Copying 0 resource
2022-05-23 22:05:00,852 [Worker-191: Building] INFO  o.e.m.c.i.embedder.EclipseLogger - Using 'UTF-8' encoding to copy filtered resources.
2022-05-23 22:05:00,852 [Worker-191: Building] INFO  o.e.m.c.i.embedder.EclipseLogger - Using 'UTF-8' encoding to copy filtered properties files.
2022-05-23 22:05:00,852 [Worker-191: Building] INFO  o.e.m.c.i.embedder.EclipseLogger - skip non existing resourceDirectory D:\E-Stock\CompanyDetails\src\test\resources
2022-05-23 22:06:04,759 [Worker-191: Building] INFO  o.e.m.c.i.embedder.EclipseLogger - Using 'UTF-8' encoding to copy filtered resources.
2022-05-23 22:06:04,759 [Worker-191: Building] INFO  o.e.m.c.i.embedder.EclipseLogger - Using 'UTF-8' encoding to copy filtered properties files.
2022-05-23 22:06:04,759 [Worker-191: Building] INFO  o.e.m.c.i.embedder.EclipseLogger - Copying 2 resources
2022-05-23 22:06:04,781 [Worker-191: Building] INFO  o.e.m.c.i.embedder.EclipseLogger - Copying 0 resource
2022-05-23 22:06:04,783 [Worker-191: Building] INFO  o.e.m.c.i.embedder.EclipseLogger - Using 'UTF-8' encoding to copy filtered resources.
2022-05-23 22:06:04,784 [Worker-191: Building] INFO  o.e.m.c.i.embedder.EclipseLogger - Using 'UTF-8' encoding to copy filtered properties files.
2022-05-23 22:06:04,784 [Worker-191: Building] INFO  o.e.m.c.i.embedder.EclipseLogger - skip non existing resourceDirectory D:\E-Stock\CompanyDetails\src\test\resources
2022-05-23 22:07:27,130 [Worker-189: Building] INFO  o.e.m.c.i.embedder.EclipseLogger - Using 'UTF-8' encoding to copy filtered resources.
2022-05-23 22:07:27,130 [Worker-189: Building] INFO  o.e.m.c.i.embedder.EclipseLogger - Using 'UTF-8' encoding to copy filtered properties files.
2022-05-23 22:07:27,131 [Worker-189: Building] INFO  o.e.m.c.i.embedder.EclipseLogger - Copying 2 resources
2022-05-23 22:07:27,159 [Worker-189: Building] INFO  o.e.m.c.i.embedder.EclipseLogger - Copying 0 resource
2022-05-23 22:07:27,162 [Worker-189: Building] INFO  o.e.m.c.i.embedder.EclipseLogger - Using 'UTF-8' encoding to copy filtered resources.
2022-05-23 22:07:27,162 [Worker-189: Building] INFO  o.e.m.c.i.embedder.EclipseLogger - Using 'UTF-8' encoding to copy filtered properties files.
2022-05-23 22:07:27,162 [Worker-189: Building] INFO  o.e.m.c.i.embedder.EclipseLogger - skip non existing resourceDirectory D:\E-Stock\CompanyDetails\src\test\resources
2022-05-23 22:08:27,092 [Worker-191: Building] INFO  o.e.m.c.i.embedder.EclipseLogger - Using 'UTF-8' encoding to copy filtered resources.
2022-05-23 22:08:27,092 [Worker-191: Building] INFO  o.e.m.c.i.embedder.EclipseLogger - Using 'UTF-8' encoding to copy filtered properties files.
2022-05-23 22:08:27,093 [Worker-191: Building] INFO  o.e.m.c.i.embedder.EclipseLogger - Copying 1 resource
2022-05-23 22:08:27,101 [Worker-191: Building] INFO  o.e.m.c.i.embedder.EclipseLogger - Copying 0 resource
2022-05-23 22:08:27,104 [Worker-191: Building] INFO  o.e.m.c.i.embedder.EclipseLogger - Using 'UTF-8' encoding to copy filtered resources.
2022-05-23 22:08:27,104 [Worker-191: Building] INFO  o.e.m.c.i.embedder.EclipseLogger - Using 'UTF-8' encoding to copy filtered properties files.
2022-05-23 22:08:27,104 [Worker-191: Building] INFO  o.e.m.c.i.embedder.EclipseLogger - skip non existing resourceDirectory D:\E-Stock\StockDetailsService\src\test\resources
2022-05-23 22:08:43,018 [Worker-191: Building] INFO  o.e.m.c.i.embedder.EclipseLogger - Using 'UTF-8' encoding to copy filtered resources.
2022-05-23 22:08:43,018 [Worker-191: Building] INFO  o.e.m.c.i.embedder.EclipseLogger - Using 'UTF-8' encoding to copy filtered properties files.
2022-05-23 22:08:43,019 [Worker-191: Building] INFO  o.e.m.c.i.embedder.EclipseLogger - Copying 1 resource
2022-05-23 22:08:43,026 [Worker-191: Building] INFO  o.e.m.c.i.embedder.EclipseLogger - Copying 0 resource
2022-05-23 22:08:43,029 [Worker-191: Building] INFO  o.e.m.c.i.embedder.EclipseLogger - Using 'UTF-8' encoding to copy filtered resources.
2022-05-23 22:08:43,029 [Worker-191: Building] INFO  o.e.m.c.i.embedder.EclipseLogger - Using 'UTF-8' encoding to copy filtered properties files.
2022-05-23 22:08:43,029 [Worker-191: Building] INFO  o.e.m.c.i.embedder.EclipseLogger - skip non existing resourceDirectory D:\E-Stock\StockDetailsService\src\test\resources
2022-05-23 22:10:43,384 [Worker-189: Building] INFO  o.e.m.c.i.embedder.EclipseLogger - Using 'UTF-8' encoding to copy filtered resources.
2022-05-23 22:10:43,384 [Worker-189: Building] INFO  o.e.m.c.i.embedder.EclipseLogger - Using 'UTF-8' encoding to copy filtered properties files.
2022-05-23 22:10:43,384 [Worker-189: Building] INFO  o.e.m.c.i.embedder.EclipseLogger - Copying 2 resources
2022-05-23 22:10:43,399 [Worker-189: Building] INFO  o.e.m.c.i.embedder.EclipseLogger - Copying 0 resource
2022-05-23 22:10:43,401 [Worker-189: Building] INFO  o.e.m.c.i.embedder.EclipseLogger - Using 'UTF-8' encoding to copy filtered resources.
2022-05-23 22:10:43,401 [Worker-189: Building] INFO  o.e.m.c.i.embedder.EclipseLogger - Using 'UTF-8' encoding to copy filtered properties files.
2022-05-23 22:10:43,401 [Worker-189: Building] INFO  o.e.m.c.i.embedder.EclipseLogger - skip non existing resourceDirectory D:\E-Stock\CompanyDetails\src\test\resources
2022-05-23 22:36:05,050 [Worker-4: Building] INFO  o.e.m.c.i.embedder.EclipseLogger - Using 'UTF-8' encoding to copy filtered resources.
2022-05-23 22:36:05,051 [Worker-4: Building] INFO  o.e.m.c.i.embedder.EclipseLogger - Using 'UTF-8' encoding to copy filtered properties files.
2022-05-23 22:36:05,052 [Worker-4: Building] INFO  o.e.m.c.i.embedder.EclipseLogger - skip non existing resourceDirectory D:\E-Stock\CompanyDetails\src\main\resources
2022-05-23 22:36:05,052 [Worker-4: Building] INFO  o.e.m.c.i.embedder.EclipseLogger - skip non existing resourceDirectory D:\E-Stock\CompanyDetails\src\main\resources
2022-05-23 22:36:05,056 [Worker-4: Building] INFO  o.e.m.c.i.embedder.EclipseLogger - Using 'UTF-8' encoding to copy filtered resources.
2022-05-23 22:36:05,056 [Worker-4: Building] INFO  o.e.m.c.i.embedder.EclipseLogger - Using 'UTF-8' encoding to copy filtered properties files.
2022-05-23 22:36:05,056 [Worker-4: Building] INFO  o.e.m.c.i.embedder.EclipseLogger - skip non existing resourceDirectory D:\E-Stock\CompanyDetails\src\test\resources
2022-05-23 22:36:05,167 [Worker-4: Building] INFO  o.e.m.c.i.embedder.EclipseLogger - Using 'UTF-8' encoding to copy filtered resources.
2022-05-23 22:36:05,168 [Worker-4: Building] INFO  o.e.m.c.i.embedder.EclipseLogger - Using 'UTF-8' encoding to copy filtered properties files.
2022-05-23 22:36:05,168 [Worker-4: Building] INFO  o.e.m.c.i.embedder.EclipseLogger - skip non existing resourceDirectory D:\E-Stock\StockDetailsService\src\main\resources
2022-05-23 22:36:05,168 [Worker-4: Building] INFO  o.e.m.c.i.embedder.EclipseLogger - skip non existing resourceDirectory D:\E-Stock\StockDetailsService\src\main\resources
2022-05-23 22:36:05,170 [Worker-4: Building] INFO  o.e.m.c.i.embedder.EclipseLogger - Using 'UTF-8' encoding to copy filtered resources.
2022-05-23 22:36:05,170 [Worker-4: Building] INFO  o.e.m.c.i.embedder.EclipseLogger - Using 'UTF-8' encoding to copy filtered properties files.
2022-05-23 22:36:05,170 [Worker-4: Building] INFO  o.e.m.c.i.embedder.EclipseLogger - skip non existing resourceDirectory D:\E-Stock\StockDetailsService\src\test\resources
2022-05-23 22:36:07,112 [Worker-202: Building] INFO  o.e.m.c.i.embedder.EclipseLogger - Using 'UTF-8' encoding to copy filtered resources.
2022-05-23 22:36:07,112 [Worker-202: Building] INFO  o.e.m.c.i.embedder.EclipseLogger - Using 'UTF-8' encoding to copy filtered properties files.
2022-05-23 22:36:07,112 [Worker-202: Building] INFO  o.e.m.c.i.embedder.EclipseLogger - skip non existing resourceDirectory D:\E-Stock\CompanyDetails\src\main\resources
2022-05-23 22:36:07,112 [Worker-202: Building] INFO  o.e.m.c.i.embedder.EclipseLogger - skip non existing resourceDirectory D:\E-Stock\CompanyDetails\src\main\resources
2022-05-23 22:36:07,113 [Worker-202: Building] INFO  o.e.m.c.i.embedder.EclipseLogger - Using 'UTF-8' encoding to copy filtered resources.
2022-05-23 22:36:07,114 [Worker-202: Building] INFO  o.e.m.c.i.embedder.EclipseLogger - Using 'UTF-8' encoding to copy filtered properties files.
2022-05-23 22:36:07,114 [Worker-202: Building] INFO  o.e.m.c.i.embedder.EclipseLogger - skip non existing resourceDirectory D:\E-Stock\CompanyDetails\src\test\resources
2022-05-23 22:36:08,243 [Worker-202: Building] ERROR o.e.m.c.u.i.m.MarkerLocationService - null
org.eclipse.jface.text.BadLocationException: null
	at org.eclipse.jface.text.ListLineTracker.getLineOffset(ListLineTracker.java:197)
	at org.eclipse.jface.text.AbstractLineTracker.getLineOffset(AbstractLineTracker.java:161)
	at org.eclipse.wst.sse.core.internal.text.BasicStructuredDocument.getLineOffset(BasicStructuredDocument.java:1497)
	at org.eclipse.m2e.core.ui.internal.markers.MarkerLocationService.findLocationForMarker(MarkerLocationService.java:113)
	at org.eclipse.m2e.core.internal.markers.MarkerUtils.decorateMarker(MarkerUtils.java:50)
	at org.eclipse.m2e.core.internal.markers.MavenMarkerManager.addErrorMarker(MavenMarkerManager.java:333)
	at org.eclipse.m2e.core.internal.builder.MavenBuilderImpl.processBuildResults(MavenBuilderImpl.java:318)
	at org.eclipse.m2e.core.internal.builder.MavenBuilderImpl.build(MavenBuilderImpl.java:177)
	at org.eclipse.m2e.core.internal.builder.MavenBuilder$1.method(MavenBuilder.java:169)
	at org.eclipse.m2e.core.internal.builder.MavenBuilder$1.method(MavenBuilder.java:1)
	at org.eclipse.m2e.core.internal.builder.MavenBuilder$BuildMethod.lambda$1(MavenBuilder.java:114)
	at org.eclipse.m2e.core.internal.embedder.MavenExecutionContext.executeBare(MavenExecutionContext.java:179)
	at org.eclipse.m2e.core.internal.embedder.MavenExecutionContext.execute(MavenExecutionContext.java:114)
	at org.eclipse.m2e.core.internal.builder.MavenBuilder$BuildMethod.lambda$0(MavenBuilder.java:105)
	at org.eclipse.m2e.core.internal.embedder.MavenExecutionContext.executeBare(MavenExecutionContext.java:179)
	at org.eclipse.m2e.core.internal.embedder.MavenExecutionContext.execute(MavenExecutionContext.java:153)
	at org.eclipse.m2e.core.internal.embedder.MavenExecutionContext.execute(MavenExecutionContext.java:101)
	at org.eclipse.m2e.core.internal.builder.MavenBuilder$BuildMethod.execute(MavenBuilder.java:88)
	at org.eclipse.m2e.core.internal.builder.MavenBuilder.build(MavenBuilder.java:197)
	at org.eclipse.core.internal.events.BuildManager$2.run(BuildManager.java:845)
	at org.eclipse.core.runtime.SafeRunner.run(SafeRunner.java:45)
	at org.eclipse.core.internal.events.BuildManager.basicBuild(BuildManager.java:228)
	at org.eclipse.core.internal.events.BuildManager.basicBuild(BuildManager.java:276)
	at org.eclipse.core.internal.events.BuildManager$1.run(BuildManager.java:329)
	at org.eclipse.core.runtime.SafeRunner.run(SafeRunner.java:45)
	at org.eclipse.core.internal.events.BuildManager.basicBuild(BuildManager.java:332)
	at org.eclipse.core.internal.events.BuildManager.basicBuildLoop(BuildManager.java:384)
	at org.eclipse.core.internal.events.BuildManager.build(BuildManager.java:405)
	at org.eclipse.core.internal.events.AutoBuildJob.doBuild(AutoBuildJob.java:154)
	at org.eclipse.core.internal.events.AutoBuildJob.run(AutoBuildJob.java:244)
	at org.eclipse.core.internal.jobs.Worker.run(Worker.java:63)
2022-05-23 22:36:08,740 [Worker-197: Building] INFO  o.e.m.c.i.embedder.EclipseLogger - Using 'UTF-8' encoding to copy filtered resources.
2022-05-23 22:36:08,740 [Worker-197: Building] INFO  o.e.m.c.i.embedder.EclipseLogger - Using 'UTF-8' encoding to copy filtered properties files.
2022-05-23 22:36:08,740 [Worker-197: Building] INFO  o.e.m.c.i.embedder.EclipseLogger - skip non existing resourceDirectory D:\E-Stock\Eurekaserver\src\main\resources
2022-05-23 22:36:08,740 [Worker-197: Building] INFO  o.e.m.c.i.embedder.EclipseLogger - skip non existing resourceDirectory D:\E-Stock\Eurekaserver\src\main\resources
2022-05-23 22:36:08,741 [Worker-197: Building] INFO  o.e.m.c.i.embedder.EclipseLogger - Using 'UTF-8' encoding to copy filtered resources.
2022-05-23 22:36:08,742 [Worker-197: Building] INFO  o.e.m.c.i.embedder.EclipseLogger - Using 'UTF-8' encoding to copy filtered properties files.
2022-05-23 22:36:08,742 [Worker-197: Building] INFO  o.e.m.c.i.embedder.EclipseLogger - skip non existing resourceDirectory D:\E-Stock\Eurekaserver\src\test\resources
2022-05-23 22:36:08,787 [Worker-197: Building] INFO  o.e.m.c.i.embedder.EclipseLogger - Using 'UTF-8' encoding to copy filtered resources.
2022-05-23 22:36:08,787 [Worker-197: Building] INFO  o.e.m.c.i.embedder.EclipseLogger - Using 'UTF-8' encoding to copy filtered properties files.
2022-05-23 22:36:08,787 [Worker-197: Building] INFO  o.e.m.c.i.embedder.EclipseLogger - skip non existing resourceDirectory D:\E-Stock\StockDetailsService\src\main\resources
2022-05-23 22:36:08,787 [Worker-197: Building] INFO  o.e.m.c.i.embedder.EclipseLogger - skip non existing resourceDirectory D:\E-Stock\StockDetailsService\src\main\resources
2022-05-23 22:36:08,789 [Worker-197: Building] INFO  o.e.m.c.i.embedder.EclipseLogger - Using 'UTF-8' encoding to copy filtered resources.
2022-05-23 22:36:08,789 [Worker-197: Building] INFO  o.e.m.c.i.embedder.EclipseLogger - Using 'UTF-8' encoding to copy filtered properties files.
2022-05-23 22:36:08,789 [Worker-197: Building] INFO  o.e.m.c.i.embedder.EclipseLogger - skip non existing resourceDirectory D:\E-Stock\StockDetailsService\src\test\resources
